#
# There is insufficient memory for the Java Runtime Environment to continue.
# Native memory allocation (mmap) failed to map 65536 bytes for Failed to commit area from 0x0000024971a80000 to 0x0000024971a90000 of length 65536.
# Possible reasons:
#   The system is out of physical RAM or swap space
#   The process is running with CompressedOops enabled, and the Java Heap may be blocking the growth of the native heap
# Possible solutions:
#   Reduce memory load on the system
#   Increase physical memory or swap space
#   Check if swap backing store is full
#   Decrease Java heap size (-Xmx/-Xms)
#   Decrease number of Java threads
#   Decrease Java thread stack sizes (-Xss)
#   Set larger code cache with -XX:ReservedCodeCacheSize=
#   JVM is running with Unscaled Compressed Oops mode in which the Java heap is
#     placed in the first 4GB address space. The Java Heap base address is the
#     maximum limit for the native heap growth. Please use -XX:HeapBaseMinAddress
#     to set the Java Heap base and to place the Java Heap above 4GB virtual address.
# This output file may be truncated or incomplete.
#
#  Out of Memory Error (./src/hotspot/os/windows/os_windows.cpp:3301), pid=27552, tid=21604
#
# JRE version: OpenJDK Runtime Environment (11.0.11+9) (build 11.0.11+9-b60-7590822)
# Java VM: OpenJDK 64-Bit Server VM (11.0.11+9-b60-7590822, mixed mode, tiered, compressed oops, g1 gc, windows-amd64)
# No core dump will be written. Minidumps are not enabled by default on client versions of Windows
#

---------------  S U M M A R Y ------------

Command Line: --add-opens=java.base/java.util=ALL-UNNAMED --add-opens=java.base/java.lang=ALL-UNNAMED --add-opens=java.base/java.lang.invoke=ALL-UNNAMED --add-opens=java.base/java.util=ALL-UNNAMED --add-opens=java.prefs/java.util.prefs=ALL-UNNAMED --add-opens=java.prefs/java.util.prefs=ALL-UNNAMED --add-opens=java.base/java.nio.charset=ALL-UNNAMED --add-opens=java.base/java.net=ALL-UNNAMED --add-opens=java.base/java.util.concurrent.atomic=ALL-UNNAMED -Xmx1536m -Dfile.encoding=windows-1252 -Duser.country=US -Duser.language=en -Duser.variant org.gradle.launcher.daemon.bootstrap.GradleDaemon 7.2

Host: Intel(R) Core(TM) i5-4460  CPU @ 3.20GHz, 4 cores, 7G,  Windows 10 , 64 bit Build 19041 (10.0.19041.1566)
Time: Sun Apr 10 18:39:23 2022 W. Europe Daylight Time elapsed time: 562.901426 seconds (0d 0h 9m 22s)

---------------  T H R E A D  ---------------

Current thread (0x0000024975066000):  VMThread "VM Thread" [stack: 0x0000004c9c900000,0x0000004c9ca00000] [id=21604]

Stack: [0x0000004c9c900000,0x0000004c9ca00000]
[error occurred during error reporting (printing stack bounds), id 0xc0000005, EXCEPTION_ACCESS_VIOLATION (0xc0000005) at pc=0x00000249602b0f2d]

Native frames: (J=compiled Java code, j=interpreted, Vv=VM code, C=native code)
V  [jvm.dll+0x5f214a]
V  [jvm.dll+0x726fb5]
V  [jvm.dll+0x7285cd]
V  [jvm.dll+0x728be5]
V  [jvm.dll+0x728b9b]
V  [jvm.dll+0x5f14e8]
V  [jvm.dll+0x5f1c78]
C  [ntdll.dll+0xa20cf]
C  [ntdll.dll+0x51454]
C  [ntdll.dll+0xa0bfe]
C  0x00000249602b0f2d

VM_Operation (0x0000004ca15f9590): G1CollectForAllocation, mode: safepoint, requested by thread 0x000002497ea24800


---------------  P R O C E S S  ---------------

Threads class SMR info:
_java_thread_list=0x000002497e8ef760, length=86, elements={
0x000002495c7ab800, 0x000002497508b000, 0x000002497508e000, 0x00000249750ac000,
0x00000249750ac800, 0x00000249750ae000, 0x00000249750b0000, 0x00000249750b8800,
0x00000249750c6000, 0x0000024975b6d800, 0x00000249773f7800, 0x000002497687f000,
0x0000024976f57800, 0x000002497793a800, 0x000002497793c000, 0x000002497793b800,
0x000002497793d800, 0x0000024977938000, 0x000002497793e800, 0x0000024977939000,
0x0000024976a1b000, 0x0000024976a18800, 0x0000024976a16000, 0x0000024976a1c800,
0x000002497a245800, 0x000002497a23c800, 0x000002497a23e000, 0x000002497a23f000,
0x000002497a23d000, 0x000002497a23f800, 0x000002497a240800, 0x000002497a23a800,
0x000002497a241800, 0x000002497a23b800, 0x000002497a247000, 0x000002497a242000,
0x000002497a243000, 0x000002497a249800, 0x000002497a243800, 0x0000024976a1c000,
0x0000024976a1d800, 0x0000024976a18000, 0x0000024976a1e800, 0x0000024976a1f000,
0x0000024976a19800, 0x0000024976a24000, 0x0000024976a21000, 0x0000024976a21800,
0x0000024976a20000, 0x0000024976a23800, 0x0000024976a25000, 0x0000024976a22800,
0x000002497d3dc000, 0x000002497d3dd800, 0x000002497d3d8800, 0x000002497d3dc800,
0x000002497d3d9800, 0x000002497d3d8000, 0x000002497d3da000, 0x000002497793d000,
0x0000024977939800, 0x000002497ea1b000, 0x000002497ea1c800, 0x000002497ea1c000,
0x000002497ea1e000, 0x000002497ea1f000, 0x000002497ea1d800, 0x000002497ea20000,
0x000002497ea1a000, 0x000002497ea25800, 0x000002497ea20800, 0x000002497ea27000,
0x000002497ea24000, 0x000002497ea23000, 0x000002497ea26800, 0x000002497ea24800,
0x000002497ea22800, 0x000002497ea21800, 0x000002497ea28000, 0x000002497ea29000,
0x000002497c82a800, 0x000002497c82e000, 0x000002497c82b800, 0x000002497c82d000,
0x000002497c829000, 0x000002497c82f000
}

Java Threads: ( => current thread )
  0x000002495c7ab800 JavaThread "main" [_thread_blocked, id=30996, stack(0x0000004c9c300000,0x0000004c9c400000)]
  0x000002497508b000 JavaThread "Reference Handler" daemon [_thread_blocked, id=30028, stack(0x0000004c9ca00000,0x0000004c9cb00000)]
  0x000002497508e000 JavaThread "Finalizer" daemon [_thread_blocked, id=31724, stack(0x0000004c9cb00000,0x0000004c9cc00000)]
  0x00000249750ac000 JavaThread "Signal Dispatcher" daemon [_thread_blocked, id=28572, stack(0x0000004c9cc00000,0x0000004c9cd00000)]
  0x00000249750ac800 JavaThread "Attach Listener" daemon [_thread_blocked, id=26104, stack(0x0000004c9cd00000,0x0000004c9ce00000)]
  0x00000249750ae000 JavaThread "Service Thread" daemon [_thread_blocked, id=13532, stack(0x0000004c9ce00000,0x0000004c9cf00000)]
  0x00000249750b0000 JavaThread "C2 CompilerThread0" daemon [_thread_in_native, id=6572, stack(0x0000004c9cf00000,0x0000004c9d000000)]
  0x00000249750b8800 JavaThread "C1 CompilerThread0" daemon [_thread_blocked, id=25968, stack(0x0000004c9d000000,0x0000004c9d100000)]
  0x00000249750c6000 JavaThread "Sweeper thread" daemon [_thread_blocked, id=32152, stack(0x0000004c9d100000,0x0000004c9d200000)]
  0x0000024975b6d800 JavaThread "Common-Cleaner" daemon [_thread_blocked, id=5800, stack(0x0000004c9d200000,0x0000004c9d300000)]
  0x00000249773f7800 JavaThread "Daemon health stats" [_thread_blocked, id=7640, stack(0x0000004c9d600000,0x0000004c9d700000)]
  0x000002497687f000 JavaThread "Incoming local TCP Connector on port 50653" [_thread_in_native, id=368, stack(0x0000004c9d700000,0x0000004c9d800000)]
  0x0000024976f57800 JavaThread "Daemon periodic checks" [_thread_blocked, id=34796, stack(0x0000004c9d800000,0x0000004c9d900000)]
  0x000002497793a800 JavaThread "Cache worker for journal cache (C:\Users\feuss\.gradle\caches\journal-1)" [_thread_blocked, id=20612, stack(0x0000004c9e100000,0x0000004c9e200000)]
  0x000002497793c000 JavaThread "File lock request listener" [_thread_in_native, id=22140, stack(0x0000004c9e200000,0x0000004c9e300000)]
  0x000002497793b800 JavaThread "Cache worker for file hash cache (C:\Users\feuss\.gradle\caches\7.2\fileHashes)" [_thread_blocked, id=26852, stack(0x0000004c9e300000,0x0000004c9e400000)]
  0x000002497793d800 JavaThread "File watcher server" daemon [_thread_blocked, id=35052, stack(0x0000004c9e500000,0x0000004c9e600000)]
  0x0000024977938000 JavaThread "File watcher consumer" daemon [_thread_blocked, id=27812, stack(0x0000004c9e600000,0x0000004c9e700000)]
  0x000002497793e800 JavaThread "jar transforms" [_thread_blocked, id=36340, stack(0x0000004c9e700000,0x0000004c9e800000)]
  0x0000024977939000 JavaThread "jar transforms Thread 2" [_thread_blocked, id=4876, stack(0x0000004c9e800000,0x0000004c9e900000)]
  0x0000024976a1b000 JavaThread "jar transforms Thread 3" [_thread_blocked, id=26868, stack(0x0000004c9e900000,0x0000004c9ea00000)]
  0x0000024976a18800 JavaThread "jar transforms Thread 4" [_thread_blocked, id=34244, stack(0x0000004c9ea00000,0x0000004c9eb00000)]
  0x0000024976a16000 JavaThread "Cache worker for execution history cache (C:\Users\feuss\.gradle\caches\7.2\executionHistory)" [_thread_blocked, id=27232, stack(0x0000004c9ee00000,0x0000004c9ef00000)]
  0x0000024976a1c800 JavaThread "Cache worker for file content cache (C:\Users\feuss\.gradle\caches\7.2\fileContent)" [_thread_blocked, id=19580, stack(0x0000004c9f000000,0x0000004c9f100000)]
  0x000002497a245800 JavaThread "Memory manager" [_thread_blocked, id=15940, stack(0x0000004c9c100000,0x0000004c9c200000)]
  0x000002497a23c800 JavaThread "Daemon Thread 2" [_thread_blocked, id=2808, stack(0x0000004c9c000000,0x0000004c9c100000)]
  0x000002497a23e000 JavaThread "Handler for socket connection from /127.0.0.1:50653 to /127.0.0.1:50902" [_thread_in_native, id=36408, stack(0x0000004c9c200000,0x0000004c9c300000)]
  0x000002497a23f000 JavaThread "Cancel handler" [_thread_blocked, id=3204, stack(0x0000004c9d900000,0x0000004c9da00000)]
  0x000002497a23d000 JavaThread "Daemon worker Thread 2" [_thread_blocked, id=24816, stack(0x0000004c9da00000,0x0000004c9db00000)]
  0x000002497a23f800 JavaThread "Asynchronous log dispatcher for DefaultDaemonConnection: socket connection from /127.0.0.1:50653 to /127.0.0.1:50902" [_thread_blocked, id=28524, stack(0x0000004c9db00000,0x0000004c9dc00000)]
  0x000002497a240800 JavaThread "Stdin handler" [_thread_blocked, id=11336, stack(0x0000004c9dc00000,0x0000004c9dd00000)]
  0x000002497a23a800 JavaThread "Daemon client event forwarder" [_thread_blocked, id=20652, stack(0x0000004c9de00000,0x0000004c9df00000)]
  0x000002497a241800 JavaThread "Cache worker for file hash cache (D:\fakit\HTW\_Masterarbeit\HealthDataTracking\.gradle\7.2\fileHashes)" [_thread_blocked, id=21540, stack(0x0000004c9df00000,0x0000004c9e000000)]
  0x000002497a23b800 JavaThread "Cache worker for checksums cache (D:\fakit\HTW\_Masterarbeit\HealthDataTracking\.gradle\checksums)" [_thread_blocked, id=29180, stack(0x0000004c9e000000,0x0000004c9e100000)]
  0x000002497a247000 JavaThread "Cache worker for cache directory md-supplier (C:\Users\feuss\.gradle\caches\7.2\md-supplier)" [_thread_blocked, id=17912, stack(0x0000004c9e400000,0x0000004c9e500000)]
  0x000002497a242000 JavaThread "Cache worker for cache directory md-rule (C:\Users\feuss\.gradle\caches\7.2\md-rule)" [_thread_blocked, id=28216, stack(0x0000004c9eb00000,0x0000004c9ec00000)]
  0x000002497a243000 JavaThread "Cache worker for dependencies-accessors (D:\fakit\HTW\_Masterarbeit\HealthDataTracking\.gradle\7.2\dependencies-accessors)" [_thread_blocked, id=16356, stack(0x0000004c9ec00000,0x0000004c9ed00000)]
  0x000002497a249800 JavaThread "Cache worker for Build Output Cleanup Cache (D:\fakit\HTW\_Masterarbeit\HealthDataTracking\.gradle\buildOutputCleanup)" [_thread_blocked, id=36044, stack(0x0000004c9ed00000,0x0000004c9ee00000)]
  0x000002497a243800 JavaThread "Unconstrained build operations" [_thread_blocked, id=17204, stack(0x0000004c9ef00000,0x0000004c9f000000)]
  0x0000024976a1c000 JavaThread "Unconstrained build operations Thread 2" [_thread_blocked, id=268, stack(0x0000004c9f100000,0x0000004c9f200000)]
  0x0000024976a1d800 JavaThread "Unconstrained build operations Thread 3" [_thread_blocked, id=35348, stack(0x0000004c9f200000,0x0000004c9f300000)]
  0x0000024976a18000 JavaThread "Unconstrained build operations Thread 4" [_thread_blocked, id=13524, stack(0x0000004c9f300000,0x0000004c9f400000)]
  0x0000024976a1e800 JavaThread "Unconstrained build operations Thread 5" [_thread_blocked, id=5168, stack(0x0000004c9f400000,0x0000004c9f500000)]
  0x0000024976a1f000 JavaThread "Unconstrained build operations Thread 6" [_thread_blocked, id=27176, stack(0x0000004c9f500000,0x0000004c9f600000)]
  0x0000024976a19800 JavaThread "Unconstrained build operations Thread 7" [_thread_blocked, id=24380, stack(0x0000004c9f600000,0x0000004c9f700000)]
  0x0000024976a24000 JavaThread "Unconstrained build operations Thread 8" [_thread_blocked, id=6148, stack(0x0000004c9f700000,0x0000004c9f800000)]
  0x0000024976a21000 JavaThread "Unconstrained build operations Thread 9" [_thread_blocked, id=28536, stack(0x0000004c9f800000,0x0000004c9f900000)]
  0x0000024976a21800 JavaThread "Unconstrained build operations Thread 10" [_thread_blocked, id=28364, stack(0x0000004c9f900000,0x0000004c9fa00000)]
  0x0000024976a20000 JavaThread "Unconstrained build operations Thread 11" [_thread_blocked, id=6864, stack(0x0000004c9fa00000,0x0000004c9fb00000)]
  0x0000024976a23800 JavaThread "Unconstrained build operations Thread 12" [_thread_blocked, id=16820, stack(0x0000004c9fb00000,0x0000004c9fc00000)]
  0x0000024976a25000 JavaThread "Unconstrained build operations Thread 13" [_thread_blocked, id=29760, stack(0x0000004c9fc00000,0x0000004c9fd00000)]
  0x0000024976a22800 JavaThread "Unconstrained build operations Thread 14" [_thread_blocked, id=31088, stack(0x0000004c9fd00000,0x0000004c9fe00000)]
  0x000002497d3dc000 JavaThread "Unconstrained build operations Thread 15" [_thread_blocked, id=31536, stack(0x0000004c9fe00000,0x0000004c9ff00000)]
  0x000002497d3dd800 JavaThread "Unconstrained build operations Thread 16" [_thread_blocked, id=20128, stack(0x0000004c9ff00000,0x0000004ca0000000)]
  0x000002497d3d8800 JavaThread "Unconstrained build operations Thread 17" [_thread_blocked, id=18988, stack(0x0000004ca0000000,0x0000004ca0100000)]
  0x000002497d3dc800 JavaThread "Unconstrained build operations Thread 18" [_thread_blocked, id=13376, stack(0x0000004ca0100000,0x0000004ca0200000)]
  0x000002497d3d9800 JavaThread "Unconstrained build operations Thread 19" [_thread_blocked, id=1528, stack(0x0000004ca0200000,0x0000004ca0300000)]
  0x000002497d3d8000 JavaThread "Unconstrained build operations Thread 20" [_thread_blocked, id=17420, stack(0x0000004ca0300000,0x0000004ca0400000)]
  0x000002497d3da000 JavaThread "Unconstrained build operations Thread 21" [_thread_blocked, id=23104, stack(0x0000004ca0400000,0x0000004ca0500000)]
  0x000002497793d000 JavaThread "Unconstrained build operations Thread 22" [_thread_blocked, id=19380, stack(0x0000004ca0500000,0x0000004ca0600000)]
  0x0000024977939800 JavaThread "Unconstrained build operations Thread 23" [_thread_blocked, id=1624, stack(0x0000004ca0600000,0x0000004ca0700000)]
  0x000002497ea1b000 JavaThread "Unconstrained build operations Thread 24" [_thread_blocked, id=23144, stack(0x0000004ca0700000,0x0000004ca0800000)]
  0x000002497ea1c800 JavaThread "Unconstrained build operations Thread 25" [_thread_blocked, id=10584, stack(0x0000004ca0800000,0x0000004ca0900000)]
  0x000002497ea1c000 JavaThread "Unconstrained build operations Thread 26" [_thread_blocked, id=18788, stack(0x0000004ca0900000,0x0000004ca0a00000)]
  0x000002497ea1e000 JavaThread "Unconstrained build operations Thread 27" [_thread_blocked, id=28412, stack(0x0000004ca0a00000,0x0000004ca0b00000)]
  0x000002497ea1f000 JavaThread "Unconstrained build operations Thread 28" [_thread_blocked, id=18100, stack(0x0000004ca0b00000,0x0000004ca0c00000)]
  0x000002497ea1d800 JavaThread "Unconstrained build operations Thread 29" [_thread_blocked, id=36436, stack(0x0000004ca0c00000,0x0000004ca0d00000)]
  0x000002497ea20000 JavaThread "Unconstrained build operations Thread 30" [_thread_blocked, id=10980, stack(0x0000004ca0d00000,0x0000004ca0e00000)]
  0x000002497ea1a000 JavaThread "Unconstrained build operations Thread 31" [_thread_blocked, id=34716, stack(0x0000004ca0e00000,0x0000004ca0f00000)]
  0x000002497ea25800 JavaThread "Unconstrained build operations Thread 32" [_thread_blocked, id=15588, stack(0x0000004ca0f00000,0x0000004ca1000000)]
  0x000002497ea20800 JavaThread "Unconstrained build operations Thread 33" [_thread_blocked, id=28356, stack(0x0000004ca1000000,0x0000004ca1100000)]
  0x000002497ea27000 JavaThread "Unconstrained build operations Thread 34" [_thread_blocked, id=23720, stack(0x0000004ca1100000,0x0000004ca1200000)]
  0x000002497ea24000 JavaThread "Unconstrained build operations Thread 35" [_thread_blocked, id=8708, stack(0x0000004ca1200000,0x0000004ca1300000)]
  0x000002497ea23000 JavaThread "Unconstrained build operations Thread 36" [_thread_blocked, id=33564, stack(0x0000004ca1300000,0x0000004ca1400000)]
  0x000002497ea26800 JavaThread "Unconstrained build operations Thread 37" [_thread_blocked, id=26372, stack(0x0000004ca1400000,0x0000004ca1500000)]
  0x000002497ea24800 JavaThread "Unconstrained build operations Thread 38" [_thread_blocked, id=14152, stack(0x0000004ca1500000,0x0000004ca1600000)]
  0x000002497ea22800 JavaThread "Unconstrained build operations Thread 39" [_thread_blocked, id=34928, stack(0x0000004ca1600000,0x0000004ca1700000)]
  0x000002497ea21800 JavaThread "Unconstrained build operations Thread 40" [_thread_blocked, id=29968, stack(0x0000004ca1700000,0x0000004ca1800000)]
  0x000002497ea28000 JavaThread "build event listener" [_thread_blocked, id=8544, stack(0x0000004ca1800000,0x0000004ca1900000)]
  0x000002497ea29000 JavaThread "Execution worker for ':'" [_thread_blocked, id=30848, stack(0x0000004ca1900000,0x0000004ca1a00000)]
  0x000002497c82a800 JavaThread "Execution worker for ':' Thread 2" [_thread_blocked, id=30376, stack(0x0000004ca1a00000,0x0000004ca1b00000)]
  0x000002497c82e000 JavaThread "Execution worker for ':' Thread 3" [_thread_blocked, id=22076, stack(0x0000004ca1b00000,0x0000004ca1c00000)]
  0x000002497c82b800 JavaThread "Cache worker for execution history cache (D:\fakit\HTW\_Masterarbeit\HealthDataTracking\.gradle\7.2\executionHistory)" [_thread_blocked, id=28040, stack(0x0000004ca1c00000,0x0000004ca1d00000)]
  0x000002497c82d000 JavaThread "WorkerExecutor Queue" [_thread_blocked, id=10448, stack(0x0000004ca1d00000,0x0000004ca1e00000)]
  0x000002497c829000 JavaThread "WorkerExecutor Queue Thread 2" [_thread_blocked, id=1796, stack(0x0000004ca1e00000,0x0000004ca1f00000)]
  0x000002497c82f000 JavaThread "WorkerExecutor Queue Thread 3" [_thread_blocked, id=30020, stack(0x0000004ca1f00000,0x0000004ca2000000)]

Other Threads:
=>0x0000024975066000 VMThread "VM Thread" [stack: 0x0000004c9c900000,0x0000004c9ca00000] [id=21604]
  0x0000024975b79800 WatcherThread [stack: 0x0000004c9d300000,0x0000004c9d400000] [id=24836]
  0x000002495c7c3800 GCTaskThread "GC Thread#0" [stack: 0x0000004c9c400000,0x0000004c9c500000] [id=19848]
  0x0000024976366000 GCTaskThread "GC Thread#1" [stack: 0x0000004c9d400000,0x0000004c9d500000] [id=14772]
  0x0000024976175800 GCTaskThread "GC Thread#2" [stack: 0x0000004c9d500000,0x0000004c9d600000] [id=28440]
  0x0000024976f65800 GCTaskThread "GC Thread#3" [stack: 0x0000004c9dd00000,0x0000004c9de00000] [id=16908]
  0x000002495c7eb800 ConcurrentGCThread "G1 Main Marker" [stack: 0x0000004c9c500000,0x0000004c9c600000] [id=15880]
  0x000002495c7ec800 ConcurrentGCThread "G1 Conc#0" [stack: 0x0000004c9c600000,0x0000004c9c700000] [id=8364]
  0x000002495c879800 ConcurrentGCThread "G1 Refine#0" [stack: 0x0000004c9c700000,0x0000004c9c800000] [id=23048]
  0x000002495c87c800 ConcurrentGCThread "G1 Young RemSet Sampling" [stack: 0x0000004c9c800000,0x0000004c9c900000] [id=25588]

Threads with active compile tasks:
C2 CompilerThread0 562925 30382       4       com.android.tools.r8.internal.hI0::j (631 bytes)

VM state:at safepoint (normal execution)

VM Mutex/Monitor currently owned by a thread:  ([mutex/lock_event])
[0x000002495c79b450] Threads_lock - owner thread: 0x0000024975066000
[0x000002495c7a93b0] Heap_lock - owner thread: 0x000002497ea24800

Heap address: 0x00000000a0000000, size: 1536 MB, Compressed Oops mode: 32-bit
Narrow klass base: 0x0000000000000000, Narrow klass shift: 3
Compressed class space size: 1073741824 Address: 0x0000000100000000

Heap:
 garbage-first heap   total 489472K, used 213829K [0x00000000a0000000, 0x0000000100000000)
  region size 1024K, 4 young (4096K), 4 survivors (4096K)
 Metaspace       used 149559K, capacity 153846K, committed 154492K, reserved 1183744K
  class space    used 18146K, capacity 19702K, committed 19916K, reserved 1048576K
Heap Regions: E=young(eden), S=young(survivor), O=old, HS=humongous(starts), HC=humongous(continues), CS=collection set, F=free, A=archive, TAMS=top-at-mark-start (previous, next)
|   0|0x00000000a0000000, 0x00000000a0100000, 0x00000000a0100000|100%| O|  |TAMS 0x00000000a0100000, 0x00000000a0100000| Untracked 
|   1|0x00000000a0100000, 0x00000000a0200000, 0x00000000a0200000|100%| O|  |TAMS 0x00000000a0200000, 0x00000000a0200000| Untracked 
|   2|0x00000000a0200000, 0x00000000a0300000, 0x00000000a0300000|100%| O|  |TAMS 0x00000000a0300000, 0x00000000a0300000| Untracked 
|   3|0x00000000a0300000, 0x00000000a0400000, 0x00000000a0400000|100%|HS|  |TAMS 0x00000000a0400000, 0x00000000a0400000| Complete 
|   4|0x00000000a0400000, 0x00000000a0500000, 0x00000000a0500000|100%|HC|  |TAMS 0x00000000a0500000, 0x00000000a0500000| Complete 
|   5|0x00000000a0500000, 0x00000000a0600000, 0x00000000a0600000|100%|HC|  |TAMS 0x00000000a0600000, 0x00000000a0600000| Complete 
|   6|0x00000000a0600000, 0x00000000a0700000, 0x00000000a0700000|100%| O|  |TAMS 0x00000000a0700000, 0x00000000a0700000| Untracked 
|   7|0x00000000a0700000, 0x00000000a0800000, 0x00000000a0800000|100%| O|  |TAMS 0x00000000a0800000, 0x00000000a0800000| Untracked 
|   8|0x00000000a0800000, 0x00000000a0900000, 0x00000000a0900000|100%| O|  |TAMS 0x00000000a0900000, 0x00000000a0900000| Untracked 
|   9|0x00000000a0900000, 0x00000000a0a00000, 0x00000000a0a00000|100%| O|  |TAMS 0x00000000a0a00000, 0x00000000a0a00000| Untracked 
|  10|0x00000000a0a00000, 0x00000000a0b00000, 0x00000000a0b00000|100%| O|  |TAMS 0x00000000a0b00000, 0x00000000a0b00000| Untracked 
|  11|0x00000000a0b00000, 0x00000000a0c00000, 0x00000000a0c00000|100%| O|  |TAMS 0x00000000a0c00000, 0x00000000a0c00000| Untracked 
|  12|0x00000000a0c00000, 0x00000000a0d00000, 0x00000000a0d00000|100%| O|  |TAMS 0x00000000a0d00000, 0x00000000a0d00000| Untracked 
|  13|0x00000000a0d00000, 0x00000000a0e00000, 0x00000000a0e00000|100%| O|  |TAMS 0x00000000a0e00000, 0x00000000a0e00000| Untracked 
|  14|0x00000000a0e00000, 0x00000000a0f00000, 0x00000000a0f00000|100%| O|  |TAMS 0x00000000a0f00000, 0x00000000a0f00000| Untracked 
|  15|0x00000000a0f00000, 0x00000000a1000000, 0x00000000a1000000|100%|HS|  |TAMS 0x00000000a1000000, 0x00000000a1000000| Complete 
|  16|0x00000000a1000000, 0x00000000a1100000, 0x00000000a1100000|100%|HC|  |TAMS 0x00000000a1100000, 0x00000000a1100000| Complete 
|  17|0x00000000a1100000, 0x00000000a1200000, 0x00000000a1200000|100%|HS|  |TAMS 0x00000000a1200000, 0x00000000a1200000| Complete 
|  18|0x00000000a1200000, 0x00000000a1300000, 0x00000000a1300000|100%|HC|  |TAMS 0x00000000a1300000, 0x00000000a1300000| Complete 
|  19|0x00000000a1300000, 0x00000000a1400000, 0x00000000a1400000|100%|HC|  |TAMS 0x00000000a1400000, 0x00000000a1400000| Complete 
|  20|0x00000000a1400000, 0x00000000a1500000, 0x00000000a1500000|100%|HS|  |TAMS 0x00000000a1500000, 0x00000000a1500000| Complete 
|  21|0x00000000a1500000, 0x00000000a1600000, 0x00000000a1600000|100%|HC|  |TAMS 0x00000000a1600000, 0x00000000a1600000| Complete 
|  22|0x00000000a1600000, 0x00000000a1700000, 0x00000000a1700000|100%|HC|  |TAMS 0x00000000a1700000, 0x00000000a1700000| Complete 
|  23|0x00000000a1700000, 0x00000000a1800000, 0x00000000a1800000|100%|HC|  |TAMS 0x00000000a1800000, 0x00000000a1800000| Complete 
|  24|0x00000000a1800000, 0x00000000a1900000, 0x00000000a1900000|100%| O|  |TAMS 0x00000000a1900000, 0x00000000a1900000| Untracked 
|  25|0x00000000a1900000, 0x00000000a1a00000, 0x00000000a1a00000|100%| O|  |TAMS 0x00000000a1a00000, 0x00000000a1a00000| Untracked 
|  26|0x00000000a1a00000, 0x00000000a1b00000, 0x00000000a1b00000|100%| O|  |TAMS 0x00000000a1b00000, 0x00000000a1b00000| Untracked 
|  27|0x00000000a1b00000, 0x00000000a1c00000, 0x00000000a1c00000|100%| O|  |TAMS 0x00000000a1c00000, 0x00000000a1c00000| Untracked 
|  28|0x00000000a1c00000, 0x00000000a1d00000, 0x00000000a1d00000|100%| O|  |TAMS 0x00000000a1d00000, 0x00000000a1d00000| Untracked 
|  29|0x00000000a1d00000, 0x00000000a1e00000, 0x00000000a1e00000|100%| O|  |TAMS 0x00000000a1e00000, 0x00000000a1e00000| Untracked 
|  30|0x00000000a1e00000, 0x00000000a1f00000, 0x00000000a1f00000|100%| O|  |TAMS 0x00000000a1f00000, 0x00000000a1f00000| Untracked 
|  31|0x00000000a1f00000, 0x00000000a2000000, 0x00000000a2000000|100%| O|  |TAMS 0x00000000a2000000, 0x00000000a2000000| Untracked 
|  32|0x00000000a2000000, 0x00000000a2100000, 0x00000000a2100000|100%| O|  |TAMS 0x00000000a2100000, 0x00000000a2100000| Untracked 
|  33|0x00000000a2100000, 0x00000000a2200000, 0x00000000a2200000|100%| O|  |TAMS 0x00000000a2200000, 0x00000000a2200000| Untracked 
|  34|0x00000000a2200000, 0x00000000a2300000, 0x00000000a2300000|100%| O|  |TAMS 0x00000000a2300000, 0x00000000a2300000| Untracked 
|  35|0x00000000a2300000, 0x00000000a2400000, 0x00000000a2400000|100%| O|  |TAMS 0x00000000a2400000, 0x00000000a2400000| Untracked 
|  36|0x00000000a2400000, 0x00000000a2500000, 0x00000000a2500000|100%| O|  |TAMS 0x00000000a2500000, 0x00000000a2500000| Untracked 
|  37|0x00000000a2500000, 0x00000000a2600000, 0x00000000a2600000|100%| O|  |TAMS 0x00000000a2500000, 0x00000000a2600000| Untracked 
|  38|0x00000000a2600000, 0x00000000a2700000, 0x00000000a2700000|100%| O|  |TAMS 0x00000000a2600000, 0x00000000a2700000| Untracked 
|  39|0x00000000a2700000, 0x00000000a2800000, 0x00000000a2800000|100%| O|  |TAMS 0x00000000a2800000, 0x00000000a2800000| Untracked 
|  40|0x00000000a2800000, 0x00000000a2900000, 0x00000000a2900000|100%| O|  |TAMS 0x00000000a2900000, 0x00000000a2900000| Untracked 
|  41|0x00000000a2900000, 0x00000000a2a00000, 0x00000000a2a00000|100%| O|  |TAMS 0x00000000a2a00000, 0x00000000a2a00000| Untracked 
|  42|0x00000000a2a00000, 0x00000000a2b00000, 0x00000000a2b00000|100%| O|  |TAMS 0x00000000a2b00000, 0x00000000a2b00000| Untracked 
|  43|0x00000000a2b00000, 0x00000000a2c00000, 0x00000000a2c00000|100%| O|  |TAMS 0x00000000a2c00000, 0x00000000a2c00000| Untracked 
|  44|0x00000000a2c00000, 0x00000000a2d00000, 0x00000000a2d00000|100%| O|  |TAMS 0x00000000a2d00000, 0x00000000a2d00000| Untracked 
|  45|0x00000000a2d00000, 0x00000000a2e00000, 0x00000000a2e00000|100%| O|  |TAMS 0x00000000a2e00000, 0x00000000a2e00000| Untracked 
|  46|0x00000000a2e00000, 0x00000000a2f00000, 0x00000000a2f00000|100%|HS|  |TAMS 0x00000000a2f00000, 0x00000000a2f00000| Complete 
|  47|0x00000000a2f00000, 0x00000000a3000000, 0x00000000a3000000|100%|HC|  |TAMS 0x00000000a3000000, 0x00000000a3000000| Complete 
|  48|0x00000000a3000000, 0x00000000a3100000, 0x00000000a3100000|100%|HC|  |TAMS 0x00000000a3100000, 0x00000000a3100000| Complete 
|  49|0x00000000a3100000, 0x00000000a3200000, 0x00000000a3200000|100%| O|  |TAMS 0x00000000a3200000, 0x00000000a3200000| Untracked 
|  50|0x00000000a3200000, 0x00000000a3300000, 0x00000000a3300000|100%| O|  |TAMS 0x00000000a3300000, 0x00000000a3300000| Untracked 
|  51|0x00000000a3300000, 0x00000000a3400000, 0x00000000a3400000|100%| O|  |TAMS 0x00000000a3300000, 0x00000000a3400000| Untracked 
|  52|0x00000000a3400000, 0x00000000a3500000, 0x00000000a3500000|100%|HS|  |TAMS 0x00000000a3500000, 0x00000000a3500000| Complete 
|  53|0x00000000a3500000, 0x00000000a3600000, 0x00000000a3600000|100%|HC|  |TAMS 0x00000000a3600000, 0x00000000a3600000| Complete 
|  54|0x00000000a3600000, 0x00000000a3700000, 0x00000000a3700000|100%|HC|  |TAMS 0x00000000a3700000, 0x00000000a3700000| Complete 
|  55|0x00000000a3700000, 0x00000000a3800000, 0x00000000a3800000|100%|HC|  |TAMS 0x00000000a3800000, 0x00000000a3800000| Complete 
|  56|0x00000000a3800000, 0x00000000a3900000, 0x00000000a3900000|100%| O|  |TAMS 0x00000000a3900000, 0x00000000a3900000| Untracked 
|  57|0x00000000a3900000, 0x00000000a3a00000, 0x00000000a3a00000|100%| O|  |TAMS 0x00000000a3a00000, 0x00000000a3a00000| Untracked 
|  58|0x00000000a3a00000, 0x00000000a3b00000, 0x00000000a3b00000|100%| O|  |TAMS 0x00000000a3b00000, 0x00000000a3b00000| Untracked 
|  59|0x00000000a3b00000, 0x00000000a3c00000, 0x00000000a3c00000|100%| O|  |TAMS 0x00000000a3c00000, 0x00000000a3c00000| Untracked 
|  60|0x00000000a3c00000, 0x00000000a3d00000, 0x00000000a3d00000|100%| O|  |TAMS 0x00000000a3d00000, 0x00000000a3d00000| Untracked 
|  61|0x00000000a3d00000, 0x00000000a3e00000, 0x00000000a3e00000|100%| O|  |TAMS 0x00000000a3e00000, 0x00000000a3e00000| Untracked 
|  62|0x00000000a3e00000, 0x00000000a3f00000, 0x00000000a3f00000|100%| O|  |TAMS 0x00000000a3f00000, 0x00000000a3f00000| Untracked 
|  63|0x00000000a3f00000, 0x00000000a4000000, 0x00000000a4000000|100%| O|  |TAMS 0x00000000a4000000, 0x00000000a4000000| Untracked 
|  64|0x00000000a4000000, 0x00000000a4100000, 0x00000000a4100000|100%| O|  |TAMS 0x00000000a4100000, 0x00000000a4100000| Untracked 
|  65|0x00000000a4100000, 0x00000000a4200000, 0x00000000a4200000|100%| O|  |TAMS 0x00000000a4200000, 0x00000000a4200000| Untracked 
|  66|0x00000000a4200000, 0x00000000a4300000, 0x00000000a4300000|100%| O|  |TAMS 0x00000000a4300000, 0x00000000a4300000| Untracked 
|  67|0x00000000a4300000, 0x00000000a4400000, 0x00000000a4400000|100%| O|  |TAMS 0x00000000a4400000, 0x00000000a4400000| Untracked 
|  68|0x00000000a4400000, 0x00000000a4500000, 0x00000000a4500000|100%| O|  |TAMS 0x00000000a4500000, 0x00000000a4500000| Untracked 
|  69|0x00000000a4500000, 0x00000000a4600000, 0x00000000a4600000|100%| O|  |TAMS 0x00000000a4600000, 0x00000000a4600000| Untracked 
|  70|0x00000000a4600000, 0x00000000a4700000, 0x00000000a4700000|100%| O|  |TAMS 0x00000000a4600000, 0x00000000a4700000| Untracked 
|  71|0x00000000a4700000, 0x00000000a4800000, 0x00000000a4800000|100%| O|  |TAMS 0x00000000a4700000, 0x00000000a4800000| Untracked 
|  72|0x00000000a4800000, 0x00000000a4900000, 0x00000000a4900000|100%| O|  |TAMS 0x00000000a4900000, 0x00000000a4900000| Untracked 
|  73|0x00000000a4900000, 0x00000000a4a00000, 0x00000000a4a00000|100%| O|  |TAMS 0x00000000a4a00000, 0x00000000a4a00000| Untracked 
|  74|0x00000000a4a00000, 0x00000000a4b00000, 0x00000000a4b00000|100%| O|  |TAMS 0x00000000a4b00000, 0x00000000a4b00000| Untracked 
|  75|0x00000000a4b00000, 0x00000000a4c00000, 0x00000000a4c00000|100%| O|  |TAMS 0x00000000a4c00000, 0x00000000a4c00000| Untracked 
|  76|0x00000000a4c00000, 0x00000000a4d00000, 0x00000000a4d00000|100%|HS|  |TAMS 0x00000000a4d00000, 0x00000000a4d00000| Complete 
|  77|0x00000000a4d00000, 0x00000000a4e00000, 0x00000000a4e00000|100%| O|  |TAMS 0x00000000a4e00000, 0x00000000a4e00000| Untracked 
|  78|0x00000000a4e00000, 0x00000000a4f00000, 0x00000000a4f00000|100%| O|  |TAMS 0x00000000a4f00000, 0x00000000a4f00000| Untracked 
|  79|0x00000000a4f00000, 0x00000000a5000000, 0x00000000a5000000|100%|HS|  |TAMS 0x00000000a5000000, 0x00000000a5000000| Complete 
|  80|0x00000000a5000000, 0x00000000a5100000, 0x00000000a5100000|100%|HS|  |TAMS 0x00000000a5100000, 0x00000000a5100000| Complete 
|  81|0x00000000a5100000, 0x00000000a5200000, 0x00000000a5200000|100%|HS|  |TAMS 0x00000000a5200000, 0x00000000a5200000| Complete 
|  82|0x00000000a5200000, 0x00000000a5300000, 0x00000000a5300000|100%|HC|  |TAMS 0x00000000a5300000, 0x00000000a5300000| Complete 
|  83|0x00000000a5300000, 0x00000000a5400000, 0x00000000a5400000|100%|HC|  |TAMS 0x00000000a5400000, 0x00000000a5400000| Complete 
|  84|0x00000000a5400000, 0x00000000a5500000, 0x00000000a5500000|100%|HS|  |TAMS 0x00000000a5500000, 0x00000000a5500000| Complete 
|  85|0x00000000a5500000, 0x00000000a5600000, 0x00000000a5600000|100%|HC|  |TAMS 0x00000000a5600000, 0x00000000a5600000| Complete 
|  86|0x00000000a5600000, 0x00000000a5700000, 0x00000000a5700000|100%| O|  |TAMS 0x00000000a5700000, 0x00000000a5700000| Untracked 
|  87|0x00000000a5700000, 0x00000000a5800000, 0x00000000a5800000|100%| O|  |TAMS 0x00000000a5800000, 0x00000000a5800000| Untracked 
|  88|0x00000000a5800000, 0x00000000a5900000, 0x00000000a5900000|100%| O|  |TAMS 0x00000000a5900000, 0x00000000a5900000| Untracked 
|  89|0x00000000a5900000, 0x00000000a5a00000, 0x00000000a5a00000|100%| O|  |TAMS 0x00000000a5a00000, 0x00000000a5a00000| Untracked 
|  90|0x00000000a5a00000, 0x00000000a5b00000, 0x00000000a5b00000|100%| O|  |TAMS 0x00000000a5b00000, 0x00000000a5b00000| Untracked 
|  91|0x00000000a5b00000, 0x00000000a5c00000, 0x00000000a5c00000|100%| O|  |TAMS 0x00000000a5c00000, 0x00000000a5c00000| Untracked 
|  92|0x00000000a5c00000, 0x00000000a5d00000, 0x00000000a5d00000|100%| O|  |TAMS 0x00000000a5d00000, 0x00000000a5d00000| Untracked 
|  93|0x00000000a5d00000, 0x00000000a5e00000, 0x00000000a5e00000|100%|HS|  |TAMS 0x00000000a5e00000, 0x00000000a5e00000| Complete 
|  94|0x00000000a5e00000, 0x00000000a5f00000, 0x00000000a5f00000|100%|HC|  |TAMS 0x00000000a5f00000, 0x00000000a5f00000| Complete 
|  95|0x00000000a5f00000, 0x00000000a6000000, 0x00000000a6000000|100%|HS|  |TAMS 0x00000000a6000000, 0x00000000a6000000| Complete 
|  96|0x00000000a6000000, 0x00000000a6100000, 0x00000000a6100000|100%|HC|  |TAMS 0x00000000a6100000, 0x00000000a6100000| Complete 
|  97|0x00000000a6100000, 0x00000000a6200000, 0x00000000a6200000|100%|HC|  |TAMS 0x00000000a6200000, 0x00000000a6200000| Complete 
|  98|0x00000000a6200000, 0x00000000a6300000, 0x00000000a6300000|100%|HS|  |TAMS 0x00000000a6300000, 0x00000000a6300000| Complete 
|  99|0x00000000a6300000, 0x00000000a6400000, 0x00000000a6400000|100%|HC|  |TAMS 0x00000000a6400000, 0x00000000a6400000| Complete 
| 100|0x00000000a6400000, 0x00000000a6500000, 0x00000000a6500000|100%|HC|  |TAMS 0x00000000a6500000, 0x00000000a6500000| Complete 
| 101|0x00000000a6500000, 0x00000000a6600000, 0x00000000a6600000|100%|HC|  |TAMS 0x00000000a6600000, 0x00000000a6600000| Complete 
| 102|0x00000000a6600000, 0x00000000a6700000, 0x00000000a6700000|100%| O|  |TAMS 0x00000000a6700000, 0x00000000a6700000| Untracked 
| 103|0x00000000a6700000, 0x00000000a6800000, 0x00000000a6800000|100%| O|  |TAMS 0x00000000a6800000, 0x00000000a6800000| Untracked 
| 104|0x00000000a6800000, 0x00000000a6900000, 0x00000000a6900000|100%| O|  |TAMS 0x00000000a6900000, 0x00000000a6900000| Untracked 
| 105|0x00000000a6900000, 0x00000000a6a00000, 0x00000000a6a00000|100%| O|  |TAMS 0x00000000a6a00000, 0x00000000a6a00000| Untracked 
| 106|0x00000000a6a00000, 0x00000000a6b00000, 0x00000000a6b00000|100%| O|  |TAMS 0x00000000a6b00000, 0x00000000a6b00000| Untracked 
| 107|0x00000000a6b00000, 0x00000000a6c00000, 0x00000000a6c00000|100%| O|  |TAMS 0x00000000a6c00000, 0x00000000a6c00000| Untracked 
| 108|0x00000000a6c00000, 0x00000000a6d00000, 0x00000000a6d00000|100%| O|  |TAMS 0x00000000a6d00000, 0x00000000a6d00000| Untracked 
| 109|0x00000000a6d00000, 0x00000000a6e00000, 0x00000000a6e00000|100%| O|  |TAMS 0x00000000a6e00000, 0x00000000a6e00000| Untracked 
| 110|0x00000000a6e00000, 0x00000000a6f00000, 0x00000000a6f00000|100%| O|  |TAMS 0x00000000a6f00000, 0x00000000a6f00000| Untracked 
| 111|0x00000000a6f00000, 0x00000000a7000000, 0x00000000a7000000|100%| O|  |TAMS 0x00000000a7000000, 0x00000000a7000000| Untracked 
| 112|0x00000000a7000000, 0x00000000a7100000, 0x00000000a7100000|100%| O|  |TAMS 0x00000000a7100000, 0x00000000a7100000| Untracked 
| 113|0x00000000a7100000, 0x00000000a7200000, 0x00000000a7200000|100%| O|  |TAMS 0x00000000a7200000, 0x00000000a7200000| Untracked 
| 114|0x00000000a7200000, 0x00000000a7300000, 0x00000000a7300000|100%| O|  |TAMS 0x00000000a7300000, 0x00000000a7300000| Untracked 
| 115|0x00000000a7300000, 0x00000000a7400000, 0x00000000a7400000|100%| O|  |TAMS 0x00000000a7400000, 0x00000000a7400000| Untracked 
| 116|0x00000000a7400000, 0x00000000a7500000, 0x00000000a7500000|100%| O|  |TAMS 0x00000000a7500000, 0x00000000a7500000| Untracked 
| 117|0x00000000a7500000, 0x00000000a7600000, 0x00000000a7600000|100%| O|  |TAMS 0x00000000a7600000, 0x00000000a7600000| Untracked 
| 118|0x00000000a7600000, 0x00000000a7700000, 0x00000000a7700000|100%| O|  |TAMS 0x00000000a7700000, 0x00000000a7700000| Untracked 
| 119|0x00000000a7700000, 0x00000000a7800000, 0x00000000a7800000|100%| O|  |TAMS 0x00000000a7800000, 0x00000000a7800000| Untracked 
| 120|0x00000000a7800000, 0x00000000a7900000, 0x00000000a7900000|100%| O|  |TAMS 0x00000000a7900000, 0x00000000a7900000| Untracked 
| 121|0x00000000a7900000, 0x00000000a7a00000, 0x00000000a7a00000|100%| O|  |TAMS 0x00000000a7a00000, 0x00000000a7a00000| Untracked 
| 122|0x00000000a7a00000, 0x00000000a7b00000, 0x00000000a7b00000|100%| O|  |TAMS 0x00000000a7b00000, 0x00000000a7b00000| Untracked 
| 123|0x00000000a7b00000, 0x00000000a7c00000, 0x00000000a7c00000|100%| O|  |TAMS 0x00000000a7c00000, 0x00000000a7c00000| Untracked 
| 124|0x00000000a7c00000, 0x00000000a7d00000, 0x00000000a7d00000|100%| O|  |TAMS 0x00000000a7d00000, 0x00000000a7d00000| Untracked 
| 125|0x00000000a7d00000, 0x00000000a7e00000, 0x00000000a7e00000|100%| O|  |TAMS 0x00000000a7e00000, 0x00000000a7e00000| Untracked 
| 126|0x00000000a7e00000, 0x00000000a7f00000, 0x00000000a7f00000|100%| O|  |TAMS 0x00000000a7f00000, 0x00000000a7f00000| Untracked 
| 127|0x00000000a7f00000, 0x00000000a8000000, 0x00000000a8000000|100%| O|  |TAMS 0x00000000a8000000, 0x00000000a8000000| Untracked 
| 128|0x00000000a8000000, 0x00000000a8100000, 0x00000000a8100000|100%| O|  |TAMS 0x00000000a8100000, 0x00000000a8100000| Untracked 
| 129|0x00000000a8100000, 0x00000000a8200000, 0x00000000a8200000|100%| O|  |TAMS 0x00000000a8200000, 0x00000000a8200000| Untracked 
| 130|0x00000000a8200000, 0x00000000a8300000, 0x00000000a8300000|100%| O|  |TAMS 0x00000000a8300000, 0x00000000a8300000| Untracked 
| 131|0x00000000a8300000, 0x00000000a8400000, 0x00000000a8400000|100%| O|  |TAMS 0x00000000a8400000, 0x00000000a8400000| Untracked 
| 132|0x00000000a8400000, 0x00000000a8500000, 0x00000000a8500000|100%| O|  |TAMS 0x00000000a84e8e00, 0x00000000a8500000| Untracked 
| 133|0x00000000a8500000, 0x00000000a8600000, 0x00000000a8600000|100%| O|  |TAMS 0x00000000a8600000, 0x00000000a8600000| Untracked 
| 134|0x00000000a8600000, 0x00000000a8700000, 0x00000000a8700000|100%| O|  |TAMS 0x00000000a8700000, 0x00000000a8700000| Untracked 
| 135|0x00000000a8700000, 0x00000000a8800000, 0x00000000a8800000|100%| O|  |TAMS 0x00000000a8800000, 0x00000000a8800000| Untracked 
| 136|0x00000000a8800000, 0x00000000a8900000, 0x00000000a8900000|100%| O|  |TAMS 0x00000000a8900000, 0x00000000a8900000| Untracked 
| 137|0x00000000a8900000, 0x00000000a8a00000, 0x00000000a8a00000|100%| O|  |TAMS 0x00000000a8a00000, 0x00000000a8a00000| Untracked 
| 138|0x00000000a8a00000, 0x00000000a8b00000, 0x00000000a8b00000|100%| O|  |TAMS 0x00000000a8b00000, 0x00000000a8b00000| Untracked 
| 139|0x00000000a8b00000, 0x00000000a8c00000, 0x00000000a8c00000|100%| O|  |TAMS 0x00000000a8c00000, 0x00000000a8c00000| Untracked 
| 140|0x00000000a8c00000, 0x00000000a8d00000, 0x00000000a8d00000|100%| O|  |TAMS 0x00000000a8d00000, 0x00000000a8d00000| Untracked 
| 141|0x00000000a8d00000, 0x00000000a8e00000, 0x00000000a8e00000|100%| O|  |TAMS 0x00000000a8e00000, 0x00000000a8e00000| Untracked 
| 142|0x00000000a8e00000, 0x00000000a8f00000, 0x00000000a8f00000|100%| O|  |TAMS 0x00000000a8f00000, 0x00000000a8f00000| Untracked 
| 143|0x00000000a8f00000, 0x00000000a9000000, 0x00000000a9000000|100%| O|  |TAMS 0x00000000a9000000, 0x00000000a9000000| Untracked 
| 144|0x00000000a9000000, 0x00000000a9100000, 0x00000000a9100000|100%| O|  |TAMS 0x00000000a9100000, 0x00000000a9100000| Untracked 
| 145|0x00000000a9100000, 0x00000000a9200000, 0x00000000a9200000|100%| O|  |TAMS 0x00000000a9200000, 0x00000000a9200000| Untracked 
| 146|0x00000000a9200000, 0x00000000a9300000, 0x00000000a9300000|100%| O|  |TAMS 0x00000000a9300000, 0x00000000a9300000| Untracked 
| 147|0x00000000a9300000, 0x00000000a9400000, 0x00000000a9400000|100%| O|  |TAMS 0x00000000a9400000, 0x00000000a9400000| Untracked 
| 148|0x00000000a9400000, 0x00000000a9500000, 0x00000000a9500000|100%| O|  |TAMS 0x00000000a9500000, 0x00000000a9500000| Untracked 
| 149|0x00000000a9500000, 0x00000000a9600000, 0x00000000a9600000|100%| O|  |TAMS 0x00000000a9600000, 0x00000000a9600000| Untracked 
| 150|0x00000000a9600000, 0x00000000a9700000, 0x00000000a9700000|100%| O|  |TAMS 0x00000000a9700000, 0x00000000a9700000| Untracked 
| 151|0x00000000a9700000, 0x00000000a9800000, 0x00000000a9800000|100%| O|  |TAMS 0x00000000a9800000, 0x00000000a9800000| Untracked 
| 152|0x00000000a9800000, 0x00000000a9900000, 0x00000000a9900000|100%| O|  |TAMS 0x00000000a9900000, 0x00000000a9900000| Untracked 
| 153|0x00000000a9900000, 0x00000000a9a00000, 0x00000000a9a00000|100%| O|  |TAMS 0x00000000a9a00000, 0x00000000a9a00000| Untracked 
| 154|0x00000000a9a00000, 0x00000000a9b00000, 0x00000000a9b00000|100%| O|  |TAMS 0x00000000a9b00000, 0x00000000a9b00000| Untracked 
| 155|0x00000000a9b00000, 0x00000000a9c00000, 0x00000000a9c00000|100%| O|  |TAMS 0x00000000a9b00000, 0x00000000a9c00000| Untracked 
| 156|0x00000000a9c00000, 0x00000000a9d00000, 0x00000000a9d00000|100%| O|  |TAMS 0x00000000a9d00000, 0x00000000a9d00000| Untracked 
| 157|0x00000000a9d00000, 0x00000000a9e00000, 0x00000000a9e00000|100%| O|  |TAMS 0x00000000a9e00000, 0x00000000a9e00000| Untracked 
| 158|0x00000000a9e00000, 0x00000000a9f00000, 0x00000000a9f00000|100%| O|  |TAMS 0x00000000a9f00000, 0x00000000a9f00000| Untracked 
| 159|0x00000000a9f00000, 0x00000000aa000000, 0x00000000aa000000|100%| O|  |TAMS 0x00000000a9f00000, 0x00000000aa000000| Untracked 
| 160|0x00000000aa000000, 0x00000000aa100000, 0x00000000aa100000|100%| O|  |TAMS 0x00000000aa000000, 0x00000000aa100000| Untracked 
| 161|0x00000000aa100000, 0x00000000aa200000, 0x00000000aa200000|100%| O|  |TAMS 0x00000000aa100000, 0x00000000aa200000| Untracked 
| 162|0x00000000aa200000, 0x00000000aa300000, 0x00000000aa300000|100%| O|  |TAMS 0x00000000aa200000, 0x00000000aa300000| Untracked 
| 163|0x00000000aa300000, 0x00000000aa400000, 0x00000000aa400000|100%| O|  |TAMS 0x00000000aa400000, 0x00000000aa400000| Untracked 
| 164|0x00000000aa400000, 0x00000000aa500000, 0x00000000aa500000|100%| O|  |TAMS 0x00000000aa500000, 0x00000000aa500000| Untracked 
| 165|0x00000000aa500000, 0x00000000aa600000, 0x00000000aa600000|100%| O|  |TAMS 0x00000000aa600000, 0x00000000aa600000| Untracked 
| 166|0x00000000aa600000, 0x00000000aa700000, 0x00000000aa700000|100%| O|  |TAMS 0x00000000aa700000, 0x00000000aa700000| Untracked 
| 167|0x00000000aa700000, 0x00000000aa800000, 0x00000000aa800000|100%| O|  |TAMS 0x00000000aa700000, 0x00000000aa800000| Untracked 
| 168|0x00000000aa800000, 0x00000000aa900000, 0x00000000aa900000|100%| O|  |TAMS 0x00000000aa900000, 0x00000000aa900000| Untracked 
| 169|0x00000000aa900000, 0x00000000aaa00000, 0x00000000aaa00000|100%| O|  |TAMS 0x00000000aaa00000, 0x00000000aaa00000| Untracked 
| 170|0x00000000aaa00000, 0x00000000aab00000, 0x00000000aab00000|100%| O|  |TAMS 0x00000000aab00000, 0x00000000aab00000| Untracked 
| 171|0x00000000aab00000, 0x00000000aac00000, 0x00000000aac00000|100%| O|  |TAMS 0x00000000aac00000, 0x00000000aac00000| Untracked 
| 172|0x00000000aac00000, 0x00000000aad00000, 0x00000000aad00000|100%| O|  |TAMS 0x00000000aac00000, 0x00000000aad00000| Untracked 
| 173|0x00000000aad00000, 0x00000000aae00000, 0x00000000aae00000|100%| O|  |TAMS 0x00000000aad00000, 0x00000000aae00000| Untracked 
| 174|0x00000000aae00000, 0x00000000aaf00000, 0x00000000aaf00000|100%| O|  |TAMS 0x00000000aaf00000, 0x00000000aaf00000| Untracked 
| 175|0x00000000aaf00000, 0x00000000ab000000, 0x00000000ab000000|100%| O|  |TAMS 0x00000000ab000000, 0x00000000ab000000| Untracked 
| 176|0x00000000ab000000, 0x00000000ab100000, 0x00000000ab100000|100%| O|  |TAMS 0x00000000ab000000, 0x00000000ab100000| Untracked 
| 177|0x00000000ab100000, 0x00000000ab200000, 0x00000000ab200000|100%| O|  |TAMS 0x00000000ab200000, 0x00000000ab200000| Untracked 
| 178|0x00000000ab200000, 0x00000000ab300000, 0x00000000ab300000|100%| O|  |TAMS 0x00000000ab300000, 0x00000000ab300000| Untracked 
| 179|0x00000000ab300000, 0x00000000ab400000, 0x00000000ab400000|100%| O|  |TAMS 0x00000000ab300000, 0x00000000ab400000| Untracked 
| 180|0x00000000ab400000, 0x00000000ab500000, 0x00000000ab500000|100%| O|  |TAMS 0x00000000ab400000, 0x00000000ab500000| Untracked 
| 181|0x00000000ab500000, 0x00000000ab600000, 0x00000000ab600000|100%| O|  |TAMS 0x00000000ab500000, 0x00000000ab600000| Untracked 
| 182|0x00000000ab600000, 0x00000000ab700000, 0x00000000ab700000|100%| O|  |TAMS 0x00000000ab600000, 0x00000000ab700000| Untracked 
| 183|0x00000000ab700000, 0x00000000ab800000, 0x00000000ab800000|100%| O|  |TAMS 0x00000000ab700000, 0x00000000ab800000| Untracked 
| 184|0x00000000ab800000, 0x00000000ab900000, 0x00000000ab900000|100%| O|  |TAMS 0x00000000ab800000, 0x00000000ab900000| Untracked 
| 185|0x00000000ab900000, 0x00000000aba00000, 0x00000000aba00000|100%| O|  |TAMS 0x00000000ab900000, 0x00000000aba00000| Untracked 
| 186|0x00000000aba00000, 0x00000000abb00000, 0x00000000abb00000|100%| O|  |TAMS 0x00000000aba00000, 0x00000000abb00000| Untracked 
| 187|0x00000000abb00000, 0x00000000abc00000, 0x00000000abc00000|100%| O|  |TAMS 0x00000000abb00000, 0x00000000abc00000| Untracked 
| 188|0x00000000abc00000, 0x00000000abd00000, 0x00000000abd00000|100%|HS|  |TAMS 0x00000000abc00000, 0x00000000abd00000| Complete 
| 189|0x00000000abd00000, 0x00000000abe00000, 0x00000000abe00000|100%|HC|  |TAMS 0x00000000abd00000, 0x00000000abe00000| Complete 
| 190|0x00000000abe00000, 0x00000000abf00000, 0x00000000abf00000|100%| O|  |TAMS 0x00000000abe00000, 0x00000000abf00000| Untracked 
| 191|0x00000000abf00000, 0x00000000ac000000, 0x00000000ac000000|100%| O|  |TAMS 0x00000000abf00000, 0x00000000ac000000| Untracked 
| 192|0x00000000ac000000, 0x00000000ac100000, 0x00000000ac100000|100%| O|  |TAMS 0x00000000ac000000, 0x00000000ac100000| Untracked 
| 193|0x00000000ac100000, 0x00000000ac200000, 0x00000000ac200000|100%| O|  |TAMS 0x00000000ac200000, 0x00000000ac200000| Untracked 
| 194|0x00000000ac200000, 0x00000000ac300000, 0x00000000ac300000|100%| O|  |TAMS 0x00000000ac300000, 0x00000000ac300000| Untracked 
| 195|0x00000000ac300000, 0x00000000ac400000, 0x00000000ac400000|100%| O|  |TAMS 0x00000000ac300000, 0x00000000ac400000| Untracked 
| 196|0x00000000ac400000, 0x00000000ac500000, 0x00000000ac500000|100%| O|  |TAMS 0x00000000ac400000, 0x00000000ac500000| Untracked 
| 197|0x00000000ac500000, 0x00000000ac600000, 0x00000000ac600000|100%| O|  |TAMS 0x00000000ac500000, 0x00000000ac600000| Untracked 
| 198|0x00000000ac600000, 0x00000000ac700000, 0x00000000ac700000|100%| O|  |TAMS 0x00000000ac600000, 0x00000000ac700000| Untracked 
| 199|0x00000000ac700000, 0x00000000ac800000, 0x00000000ac800000|100%| O|  |TAMS 0x00000000ac700000, 0x00000000ac800000| Untracked 
| 200|0x00000000ac800000, 0x00000000ac900000, 0x00000000ac900000|100%| O|  |TAMS 0x00000000ac800000, 0x00000000ac900000| Untracked 
| 201|0x00000000ac900000, 0x00000000aca00000, 0x00000000aca00000|100%| O|  |TAMS 0x00000000ac900000, 0x00000000aca00000| Untracked 
| 202|0x00000000aca00000, 0x00000000acb00000, 0x00000000acb00000|100%| O|  |TAMS 0x00000000aca00000, 0x00000000acb00000| Untracked 
| 203|0x00000000acb00000, 0x00000000acc00000, 0x00000000acc00000|100%| O|  |TAMS 0x00000000acb00000, 0x00000000acc00000| Untracked 
| 204|0x00000000acc00000, 0x00000000accd1400, 0x00000000acd00000| 81%| O|  |TAMS 0x00000000acc00000, 0x00000000accd1400| Untracked 
| 205|0x00000000acd00000, 0x00000000acd00000, 0x00000000ace00000|  0%| F|  |TAMS 0x00000000acd00000, 0x00000000acd00000| Untracked 
| 206|0x00000000ace00000, 0x00000000ace00000, 0x00000000acf00000|  0%| F|  |TAMS 0x00000000ace00000, 0x00000000ace00000| Untracked 
| 207|0x00000000acf00000, 0x00000000acf00000, 0x00000000ad000000|  0%| F|  |TAMS 0x00000000acf00000, 0x00000000acf00000| Untracked 
| 208|0x00000000ad000000, 0x00000000ad000000, 0x00000000ad100000|  0%| F|  |TAMS 0x00000000ad000000, 0x00000000ad000000| Untracked 
| 209|0x00000000ad100000, 0x00000000ad100000, 0x00000000ad200000|  0%| F|  |TAMS 0x00000000ad100000, 0x00000000ad100000| Untracked 
| 210|0x00000000ad200000, 0x00000000ad200000, 0x00000000ad300000|  0%| F|  |TAMS 0x00000000ad200000, 0x00000000ad200000| Untracked 
| 211|0x00000000ad300000, 0x00000000ad300000, 0x00000000ad400000|  0%| F|  |TAMS 0x00000000ad300000, 0x00000000ad300000| Untracked 
| 212|0x00000000ad400000, 0x00000000ad400000, 0x00000000ad500000|  0%| F|  |TAMS 0x00000000ad400000, 0x00000000ad400000| Untracked 
| 213|0x00000000ad500000, 0x00000000ad500000, 0x00000000ad600000|  0%| F|  |TAMS 0x00000000ad500000, 0x00000000ad500000| Untracked 
| 214|0x00000000ad600000, 0x00000000ad600000, 0x00000000ad700000|  0%| F|  |TAMS 0x00000000ad600000, 0x00000000ad600000| Untracked 
| 215|0x00000000ad700000, 0x00000000ad700000, 0x00000000ad800000|  0%| F|  |TAMS 0x00000000ad700000, 0x00000000ad700000| Untracked 
| 216|0x00000000ad800000, 0x00000000ad800000, 0x00000000ad900000|  0%| F|  |TAMS 0x00000000ad800000, 0x00000000ad800000| Untracked 
| 217|0x00000000ad900000, 0x00000000ad900000, 0x00000000ada00000|  0%| F|  |TAMS 0x00000000ad900000, 0x00000000ad900000| Untracked 
| 218|0x00000000ada00000, 0x00000000ada00000, 0x00000000adb00000|  0%| F|  |TAMS 0x00000000ada00000, 0x00000000ada00000| Untracked 
| 219|0x00000000adb00000, 0x00000000adb00000, 0x00000000adc00000|  0%| F|  |TAMS 0x00000000adb00000, 0x00000000adb00000| Untracked 
| 220|0x00000000adc00000, 0x00000000adc00000, 0x00000000add00000|  0%| F|  |TAMS 0x00000000adc00000, 0x00000000adc00000| Untracked 
| 221|0x00000000add00000, 0x00000000add00000, 0x00000000ade00000|  0%| F|  |TAMS 0x00000000add00000, 0x00000000add00000| Untracked 
| 222|0x00000000ade00000, 0x00000000ade00000, 0x00000000adf00000|  0%| F|  |TAMS 0x00000000ade00000, 0x00000000ade00000| Untracked 
| 223|0x00000000adf00000, 0x00000000adf00000, 0x00000000ae000000|  0%| F|  |TAMS 0x00000000adf00000, 0x00000000adf00000| Untracked 
| 224|0x00000000ae000000, 0x00000000ae000000, 0x00000000ae100000|  0%| F|  |TAMS 0x00000000ae000000, 0x00000000ae000000| Untracked 
| 225|0x00000000ae100000, 0x00000000ae100000, 0x00000000ae200000|  0%| F|  |TAMS 0x00000000ae100000, 0x00000000ae100000| Untracked 
| 226|0x00000000ae200000, 0x00000000ae200000, 0x00000000ae300000|  0%| F|  |TAMS 0x00000000ae200000, 0x00000000ae200000| Untracked 
| 227|0x00000000ae300000, 0x00000000ae300000, 0x00000000ae400000|  0%| F|  |TAMS 0x00000000ae300000, 0x00000000ae300000| Untracked 
| 228|0x00000000ae400000, 0x00000000ae400000, 0x00000000ae500000|  0%| F|  |TAMS 0x00000000ae400000, 0x00000000ae400000| Untracked 
| 229|0x00000000ae500000, 0x00000000ae500000, 0x00000000ae600000|  0%| F|  |TAMS 0x00000000ae500000, 0x00000000ae500000| Untracked 
| 230|0x00000000ae600000, 0x00000000ae600000, 0x00000000ae700000|  0%| F|  |TAMS 0x00000000ae600000, 0x00000000ae600000| Untracked 
| 231|0x00000000ae700000, 0x00000000ae700000, 0x00000000ae800000|  0%| F|  |TAMS 0x00000000ae700000, 0x00000000ae700000| Untracked 
| 232|0x00000000ae800000, 0x00000000ae800000, 0x00000000ae900000|  0%| F|  |TAMS 0x00000000ae800000, 0x00000000ae800000| Untracked 
| 233|0x00000000ae900000, 0x00000000ae900000, 0x00000000aea00000|  0%| F|  |TAMS 0x00000000ae900000, 0x00000000ae900000| Untracked 
| 234|0x00000000aea00000, 0x00000000aea00000, 0x00000000aeb00000|  0%| F|  |TAMS 0x00000000aea00000, 0x00000000aea00000| Untracked 
| 235|0x00000000aeb00000, 0x00000000aeb00000, 0x00000000aec00000|  0%| F|  |TAMS 0x00000000aeb00000, 0x00000000aeb00000| Untracked 
| 236|0x00000000aec00000, 0x00000000aec00000, 0x00000000aed00000|  0%| F|  |TAMS 0x00000000aec00000, 0x00000000aec00000| Untracked 
| 237|0x00000000aed00000, 0x00000000aed00000, 0x00000000aee00000|  0%| F|  |TAMS 0x00000000aed00000, 0x00000000aed00000| Untracked 
| 238|0x00000000aee00000, 0x00000000aee00000, 0x00000000aef00000|  0%| F|  |TAMS 0x00000000aee00000, 0x00000000aee00000| Untracked 
| 239|0x00000000aef00000, 0x00000000aef00000, 0x00000000af000000|  0%| F|  |TAMS 0x00000000aef00000, 0x00000000aef00000| Untracked 
| 240|0x00000000af000000, 0x00000000af000000, 0x00000000af100000|  0%| F|  |TAMS 0x00000000af000000, 0x00000000af000000| Untracked 
| 241|0x00000000af100000, 0x00000000af100000, 0x00000000af200000|  0%| F|  |TAMS 0x00000000af100000, 0x00000000af100000| Untracked 
| 242|0x00000000af200000, 0x00000000af200000, 0x00000000af300000|  0%| F|  |TAMS 0x00000000af200000, 0x00000000af200000| Untracked 
| 243|0x00000000af300000, 0x00000000af300000, 0x00000000af400000|  0%| F|  |TAMS 0x00000000af300000, 0x00000000af300000| Untracked 
| 244|0x00000000af400000, 0x00000000af400000, 0x00000000af500000|  0%| F|  |TAMS 0x00000000af400000, 0x00000000af400000| Untracked 
| 245|0x00000000af500000, 0x00000000af500000, 0x00000000af600000|  0%| F|  |TAMS 0x00000000af500000, 0x00000000af500000| Untracked 
| 246|0x00000000af600000, 0x00000000af600000, 0x00000000af700000|  0%| F|  |TAMS 0x00000000af600000, 0x00000000af600000| Untracked 
| 247|0x00000000af700000, 0x00000000af700000, 0x00000000af800000|  0%| F|  |TAMS 0x00000000af700000, 0x00000000af700000| Untracked 
| 248|0x00000000af800000, 0x00000000af800000, 0x00000000af900000|  0%| F|  |TAMS 0x00000000af800000, 0x00000000af800000| Untracked 
| 249|0x00000000af900000, 0x00000000af900000, 0x00000000afa00000|  0%| F|  |TAMS 0x00000000af900000, 0x00000000af900000| Untracked 
| 250|0x00000000afa00000, 0x00000000afa00000, 0x00000000afb00000|  0%| F|  |TAMS 0x00000000afa00000, 0x00000000afa00000| Untracked 
| 251|0x00000000afb00000, 0x00000000afb00000, 0x00000000afc00000|  0%| F|  |TAMS 0x00000000afb00000, 0x00000000afb00000| Untracked 
| 252|0x00000000afc00000, 0x00000000afc00000, 0x00000000afd00000|  0%| F|  |TAMS 0x00000000afc00000, 0x00000000afc00000| Untracked 
| 253|0x00000000afd00000, 0x00000000afd00000, 0x00000000afe00000|  0%| F|  |TAMS 0x00000000afd00000, 0x00000000afd00000| Untracked 
| 254|0x00000000afe00000, 0x00000000afe00000, 0x00000000aff00000|  0%| F|  |TAMS 0x00000000afe00000, 0x00000000afe00000| Untracked 
| 255|0x00000000aff00000, 0x00000000aff00000, 0x00000000b0000000|  0%| F|  |TAMS 0x00000000aff00000, 0x00000000aff00000| Untracked 
| 256|0x00000000b0000000, 0x00000000b0000000, 0x00000000b0100000|  0%| F|  |TAMS 0x00000000b0000000, 0x00000000b0000000| Untracked 
| 257|0x00000000b0100000, 0x00000000b0100000, 0x00000000b0200000|  0%| F|  |TAMS 0x00000000b0100000, 0x00000000b0100000| Untracked 
| 258|0x00000000b0200000, 0x00000000b0200000, 0x00000000b0300000|  0%| F|  |TAMS 0x00000000b0200000, 0x00000000b0200000| Untracked 
| 259|0x00000000b0300000, 0x00000000b0300000, 0x00000000b0400000|  0%| F|  |TAMS 0x00000000b0300000, 0x00000000b0300000| Untracked 
| 260|0x00000000b0400000, 0x00000000b0400000, 0x00000000b0500000|  0%| F|  |TAMS 0x00000000b0400000, 0x00000000b0400000| Untracked 
| 261|0x00000000b0500000, 0x00000000b0600000, 0x00000000b0600000|100%| S|CS|TAMS 0x00000000b0500000, 0x00000000b0500000| Complete 
| 262|0x00000000b0600000, 0x00000000b0700000, 0x00000000b0700000|100%| S|CS|TAMS 0x00000000b0600000, 0x00000000b0600000| Complete 
| 263|0x00000000b0700000, 0x00000000b0800000, 0x00000000b0800000|100%| S|CS|TAMS 0x00000000b0700000, 0x00000000b0700000| Complete 
| 264|0x00000000b0800000, 0x00000000b0900000, 0x00000000b0900000|100%| S|CS|TAMS 0x00000000b0800000, 0x00000000b0800000| Complete 
| 265|0x00000000b0900000, 0x00000000b0900000, 0x00000000b0a00000|  0%| F|  |TAMS 0x00000000b0900000, 0x00000000b0900000| Untracked 
| 266|0x00000000b0a00000, 0x00000000b0a00000, 0x00000000b0b00000|  0%| F|  |TAMS 0x00000000b0a00000, 0x00000000b0a00000| Untracked 
| 267|0x00000000b0b00000, 0x00000000b0b00000, 0x00000000b0c00000|  0%| F|  |TAMS 0x00000000b0b00000, 0x00000000b0b00000| Untracked 
| 268|0x00000000b0c00000, 0x00000000b0c00000, 0x00000000b0d00000|  0%| F|  |TAMS 0x00000000b0c00000, 0x00000000b0c00000| Untracked 
| 269|0x00000000b0d00000, 0x00000000b0d00000, 0x00000000b0e00000|  0%| F|  |TAMS 0x00000000b0d00000, 0x00000000b0d00000| Untracked 
| 270|0x00000000b0e00000, 0x00000000b0e00000, 0x00000000b0f00000|  0%| F|  |TAMS 0x00000000b0e00000, 0x00000000b0e00000| Untracked 
| 271|0x00000000b0f00000, 0x00000000b0f00000, 0x00000000b1000000|  0%| F|  |TAMS 0x00000000b0f00000, 0x00000000b0f00000| Untracked 
| 272|0x00000000b1000000, 0x00000000b1000000, 0x00000000b1100000|  0%| F|  |TAMS 0x00000000b1000000, 0x00000000b1000000| Untracked 
| 273|0x00000000b1100000, 0x00000000b1100000, 0x00000000b1200000|  0%| F|  |TAMS 0x00000000b1100000, 0x00000000b1100000| Untracked 
| 274|0x00000000b1200000, 0x00000000b1200000, 0x00000000b1300000|  0%| F|  |TAMS 0x00000000b1200000, 0x00000000b1200000| Untracked 
| 275|0x00000000b1300000, 0x00000000b1300000, 0x00000000b1400000|  0%| F|  |TAMS 0x00000000b1300000, 0x00000000b1300000| Untracked 
| 276|0x00000000b1400000, 0x00000000b1400000, 0x00000000b1500000|  0%| F|  |TAMS 0x00000000b1400000, 0x00000000b1400000| Untracked 
| 277|0x00000000b1500000, 0x00000000b1500000, 0x00000000b1600000|  0%| F|  |TAMS 0x00000000b1500000, 0x00000000b1500000| Untracked 
| 278|0x00000000b1600000, 0x00000000b1600000, 0x00000000b1700000|  0%| F|  |TAMS 0x00000000b1600000, 0x00000000b1600000| Untracked 
| 279|0x00000000b1700000, 0x00000000b1700000, 0x00000000b1800000|  0%| F|  |TAMS 0x00000000b1700000, 0x00000000b1700000| Untracked 
| 280|0x00000000b1800000, 0x00000000b1800000, 0x00000000b1900000|  0%| F|  |TAMS 0x00000000b1800000, 0x00000000b1800000| Untracked 
| 281|0x00000000b1900000, 0x00000000b1900000, 0x00000000b1a00000|  0%| F|  |TAMS 0x00000000b1900000, 0x00000000b1900000| Untracked 
| 282|0x00000000b1a00000, 0x00000000b1a00000, 0x00000000b1b00000|  0%| F|  |TAMS 0x00000000b1a00000, 0x00000000b1a00000| Untracked 
| 283|0x00000000b1b00000, 0x00000000b1b00000, 0x00000000b1c00000|  0%| F|  |TAMS 0x00000000b1b00000, 0x00000000b1b00000| Untracked 
| 284|0x00000000b1c00000, 0x00000000b1c00000, 0x00000000b1d00000|  0%| F|  |TAMS 0x00000000b1c00000, 0x00000000b1c00000| Untracked 
| 285|0x00000000b1d00000, 0x00000000b1d00000, 0x00000000b1e00000|  0%| F|  |TAMS 0x00000000b1d00000, 0x00000000b1d00000| Untracked 
| 286|0x00000000b1e00000, 0x00000000b1e00000, 0x00000000b1f00000|  0%| F|  |TAMS 0x00000000b1e00000, 0x00000000b1e00000| Untracked 
| 287|0x00000000b1f00000, 0x00000000b1f00000, 0x00000000b2000000|  0%| F|  |TAMS 0x00000000b1f00000, 0x00000000b1f00000| Untracked 
| 288|0x00000000b2000000, 0x00000000b2000000, 0x00000000b2100000|  0%| F|  |TAMS 0x00000000b2000000, 0x00000000b2000000| Untracked 
| 289|0x00000000b2100000, 0x00000000b2100000, 0x00000000b2200000|  0%| F|  |TAMS 0x00000000b2100000, 0x00000000b2100000| Untracked 
| 290|0x00000000b2200000, 0x00000000b2200000, 0x00000000b2300000|  0%| F|  |TAMS 0x00000000b2200000, 0x00000000b2200000| Untracked 
| 291|0x00000000b2300000, 0x00000000b2300000, 0x00000000b2400000|  0%| F|  |TAMS 0x00000000b2300000, 0x00000000b2300000| Untracked 
| 292|0x00000000b2400000, 0x00000000b2400000, 0x00000000b2500000|  0%| F|  |TAMS 0x00000000b2400000, 0x00000000b2400000| Untracked 
| 293|0x00000000b2500000, 0x00000000b2500000, 0x00000000b2600000|  0%| F|  |TAMS 0x00000000b2500000, 0x00000000b2500000| Untracked 
| 294|0x00000000b2600000, 0x00000000b2600000, 0x00000000b2700000|  0%| F|  |TAMS 0x00000000b2600000, 0x00000000b2600000| Untracked 
| 295|0x00000000b2700000, 0x00000000b2700000, 0x00000000b2800000|  0%| F|  |TAMS 0x00000000b2700000, 0x00000000b2700000| Untracked 
| 296|0x00000000b2800000, 0x00000000b2800000, 0x00000000b2900000|  0%| F|  |TAMS 0x00000000b2800000, 0x00000000b2800000| Untracked 
| 297|0x00000000b2900000, 0x00000000b2900000, 0x00000000b2a00000|  0%| F|  |TAMS 0x00000000b2900000, 0x00000000b2900000| Untracked 
| 298|0x00000000b2a00000, 0x00000000b2a00000, 0x00000000b2b00000|  0%| F|  |TAMS 0x00000000b2a00000, 0x00000000b2a00000| Untracked 
| 299|0x00000000b2b00000, 0x00000000b2b00000, 0x00000000b2c00000|  0%| F|  |TAMS 0x00000000b2b00000, 0x00000000b2b00000| Untracked 
| 300|0x00000000b2c00000, 0x00000000b2c00000, 0x00000000b2d00000|  0%| F|  |TAMS 0x00000000b2c00000, 0x00000000b2c00000| Untracked 
| 301|0x00000000b2d00000, 0x00000000b2d00000, 0x00000000b2e00000|  0%| F|  |TAMS 0x00000000b2d00000, 0x00000000b2d00000| Untracked 
| 302|0x00000000b2e00000, 0x00000000b2e00000, 0x00000000b2f00000|  0%| F|  |TAMS 0x00000000b2e00000, 0x00000000b2e00000| Untracked 
| 303|0x00000000b2f00000, 0x00000000b2f00000, 0x00000000b3000000|  0%| F|  |TAMS 0x00000000b2f00000, 0x00000000b2f00000| Untracked 
| 304|0x00000000b3000000, 0x00000000b3000000, 0x00000000b3100000|  0%| F|  |TAMS 0x00000000b3000000, 0x00000000b3000000| Untracked 
| 305|0x00000000b3100000, 0x00000000b3100000, 0x00000000b3200000|  0%| F|  |TAMS 0x00000000b3100000, 0x00000000b3100000| Untracked 
| 306|0x00000000b3200000, 0x00000000b3200000, 0x00000000b3300000|  0%| F|  |TAMS 0x00000000b3200000, 0x00000000b3200000| Untracked 
| 307|0x00000000b3300000, 0x00000000b3300000, 0x00000000b3400000|  0%| F|  |TAMS 0x00000000b3300000, 0x00000000b3300000| Untracked 
| 308|0x00000000b3400000, 0x00000000b3400000, 0x00000000b3500000|  0%| F|  |TAMS 0x00000000b3400000, 0x00000000b3400000| Untracked 
| 309|0x00000000b3500000, 0x00000000b3500000, 0x00000000b3600000|  0%| F|  |TAMS 0x00000000b3500000, 0x00000000b3500000| Untracked 
| 310|0x00000000b3600000, 0x00000000b3600000, 0x00000000b3700000|  0%| F|  |TAMS 0x00000000b3600000, 0x00000000b3600000| Untracked 
| 311|0x00000000b3700000, 0x00000000b3700000, 0x00000000b3800000|  0%| F|  |TAMS 0x00000000b3700000, 0x00000000b3700000| Untracked 
| 312|0x00000000b3800000, 0x00000000b3800000, 0x00000000b3900000|  0%| F|  |TAMS 0x00000000b3800000, 0x00000000b3800000| Untracked 
| 313|0x00000000b3900000, 0x00000000b3900000, 0x00000000b3a00000|  0%| F|  |TAMS 0x00000000b3900000, 0x00000000b3900000| Untracked 
| 314|0x00000000b3a00000, 0x00000000b3a00000, 0x00000000b3b00000|  0%| F|  |TAMS 0x00000000b3a00000, 0x00000000b3a00000| Untracked 
| 315|0x00000000b3b00000, 0x00000000b3b00000, 0x00000000b3c00000|  0%| F|  |TAMS 0x00000000b3b00000, 0x00000000b3b00000| Untracked 
| 316|0x00000000b3c00000, 0x00000000b3c00000, 0x00000000b3d00000|  0%| F|  |TAMS 0x00000000b3c00000, 0x00000000b3c00000| Untracked 
| 317|0x00000000b3d00000, 0x00000000b3d00000, 0x00000000b3e00000|  0%| F|  |TAMS 0x00000000b3d00000, 0x00000000b3d00000| Untracked 
| 318|0x00000000b3e00000, 0x00000000b3e00000, 0x00000000b3f00000|  0%| F|  |TAMS 0x00000000b3e00000, 0x00000000b3e00000| Untracked 
| 319|0x00000000b3f00000, 0x00000000b3f00000, 0x00000000b4000000|  0%| F|  |TAMS 0x00000000b3f00000, 0x00000000b3f00000| Untracked 
| 320|0x00000000b4000000, 0x00000000b4000000, 0x00000000b4100000|  0%| F|  |TAMS 0x00000000b4000000, 0x00000000b4000000| Untracked 
| 321|0x00000000b4100000, 0x00000000b4100000, 0x00000000b4200000|  0%| F|  |TAMS 0x00000000b4100000, 0x00000000b4100000| Untracked 
| 322|0x00000000b4200000, 0x00000000b4200000, 0x00000000b4300000|  0%| F|  |TAMS 0x00000000b4200000, 0x00000000b4200000| Untracked 
| 323|0x00000000b4300000, 0x00000000b4300000, 0x00000000b4400000|  0%| F|  |TAMS 0x00000000b4300000, 0x00000000b4300000| Untracked 
| 324|0x00000000b4400000, 0x00000000b4400000, 0x00000000b4500000|  0%| F|  |TAMS 0x00000000b4400000, 0x00000000b4400000| Untracked 
| 325|0x00000000b4500000, 0x00000000b4500000, 0x00000000b4600000|  0%| F|  |TAMS 0x00000000b4500000, 0x00000000b4500000| Untracked 
| 326|0x00000000b4600000, 0x00000000b4600000, 0x00000000b4700000|  0%| F|  |TAMS 0x00000000b4600000, 0x00000000b4600000| Untracked 
| 327|0x00000000b4700000, 0x00000000b4700000, 0x00000000b4800000|  0%| F|  |TAMS 0x00000000b4700000, 0x00000000b4700000| Untracked 
| 328|0x00000000b4800000, 0x00000000b4800000, 0x00000000b4900000|  0%| F|  |TAMS 0x00000000b4800000, 0x00000000b4800000| Untracked 
| 329|0x00000000b4900000, 0x00000000b4900000, 0x00000000b4a00000|  0%| F|  |TAMS 0x00000000b4900000, 0x00000000b4900000| Untracked 
| 330|0x00000000b4a00000, 0x00000000b4a00000, 0x00000000b4b00000|  0%| F|  |TAMS 0x00000000b4a00000, 0x00000000b4a00000| Untracked 
| 331|0x00000000b4b00000, 0x00000000b4b00000, 0x00000000b4c00000|  0%| F|  |TAMS 0x00000000b4b00000, 0x00000000b4b00000| Untracked 
| 332|0x00000000b4c00000, 0x00000000b4c00000, 0x00000000b4d00000|  0%| F|  |TAMS 0x00000000b4c00000, 0x00000000b4c00000| Untracked 
| 333|0x00000000b4d00000, 0x00000000b4d00000, 0x00000000b4e00000|  0%| F|  |TAMS 0x00000000b4d00000, 0x00000000b4d00000| Untracked 
| 334|0x00000000b4e00000, 0x00000000b4e00000, 0x00000000b4f00000|  0%| F|  |TAMS 0x00000000b4e00000, 0x00000000b4e00000| Untracked 
| 335|0x00000000b4f00000, 0x00000000b4f00000, 0x00000000b5000000|  0%| F|  |TAMS 0x00000000b4f00000, 0x00000000b4f00000| Untracked 
| 336|0x00000000b5000000, 0x00000000b5000000, 0x00000000b5100000|  0%| F|  |TAMS 0x00000000b5000000, 0x00000000b5000000| Untracked 
| 337|0x00000000b5100000, 0x00000000b5100000, 0x00000000b5200000|  0%| F|  |TAMS 0x00000000b5100000, 0x00000000b5100000| Untracked 
| 338|0x00000000b5200000, 0x00000000b5200000, 0x00000000b5300000|  0%| F|  |TAMS 0x00000000b5200000, 0x00000000b5200000| Untracked 
| 339|0x00000000b5300000, 0x00000000b5300000, 0x00000000b5400000|  0%| F|  |TAMS 0x00000000b5300000, 0x00000000b5300000| Untracked 
| 340|0x00000000b5400000, 0x00000000b5400000, 0x00000000b5500000|  0%| F|  |TAMS 0x00000000b5400000, 0x00000000b5400000| Untracked 
| 341|0x00000000b5500000, 0x00000000b5500000, 0x00000000b5600000|  0%| F|  |TAMS 0x00000000b5500000, 0x00000000b5500000| Untracked 
| 342|0x00000000b5600000, 0x00000000b5600000, 0x00000000b5700000|  0%| F|  |TAMS 0x00000000b5600000, 0x00000000b5600000| Untracked 
| 343|0x00000000b5700000, 0x00000000b5700000, 0x00000000b5800000|  0%| F|  |TAMS 0x00000000b5700000, 0x00000000b5700000| Untracked 
| 344|0x00000000b5800000, 0x00000000b5800000, 0x00000000b5900000|  0%| F|  |TAMS 0x00000000b5800000, 0x00000000b5800000| Untracked 
| 345|0x00000000b5900000, 0x00000000b5900000, 0x00000000b5a00000|  0%| F|  |TAMS 0x00000000b5900000, 0x00000000b5900000| Untracked 
| 346|0x00000000b5a00000, 0x00000000b5a00000, 0x00000000b5b00000|  0%| F|  |TAMS 0x00000000b5a00000, 0x00000000b5a00000| Untracked 
| 347|0x00000000b5b00000, 0x00000000b5b00000, 0x00000000b5c00000|  0%| F|  |TAMS 0x00000000b5b00000, 0x00000000b5b00000| Untracked 
| 348|0x00000000b5c00000, 0x00000000b5c00000, 0x00000000b5d00000|  0%| F|  |TAMS 0x00000000b5c00000, 0x00000000b5c00000| Untracked 
| 349|0x00000000b5d00000, 0x00000000b5d00000, 0x00000000b5e00000|  0%| F|  |TAMS 0x00000000b5d00000, 0x00000000b5d00000| Untracked 
| 350|0x00000000b5e00000, 0x00000000b5e00000, 0x00000000b5f00000|  0%| F|  |TAMS 0x00000000b5e00000, 0x00000000b5e00000| Untracked 
| 351|0x00000000b5f00000, 0x00000000b5f00000, 0x00000000b6000000|  0%| F|  |TAMS 0x00000000b5f00000, 0x00000000b5f00000| Untracked 
| 352|0x00000000b6000000, 0x00000000b6000000, 0x00000000b6100000|  0%| F|  |TAMS 0x00000000b6000000, 0x00000000b6000000| Untracked 
| 353|0x00000000b6100000, 0x00000000b6100000, 0x00000000b6200000|  0%| F|  |TAMS 0x00000000b6100000, 0x00000000b6100000| Untracked 
| 354|0x00000000b6200000, 0x00000000b6200000, 0x00000000b6300000|  0%| F|  |TAMS 0x00000000b6200000, 0x00000000b6200000| Untracked 
| 355|0x00000000b6300000, 0x00000000b6300000, 0x00000000b6400000|  0%| F|  |TAMS 0x00000000b6300000, 0x00000000b6300000| Untracked 
| 356|0x00000000b6400000, 0x00000000b6400000, 0x00000000b6500000|  0%| F|  |TAMS 0x00000000b6400000, 0x00000000b6400000| Untracked 
| 357|0x00000000b6500000, 0x00000000b6500000, 0x00000000b6600000|  0%| F|  |TAMS 0x00000000b6500000, 0x00000000b6500000| Untracked 
| 358|0x00000000b6600000, 0x00000000b6600000, 0x00000000b6700000|  0%| F|  |TAMS 0x00000000b6600000, 0x00000000b6600000| Untracked 
| 359|0x00000000b6700000, 0x00000000b6700000, 0x00000000b6800000|  0%| F|  |TAMS 0x00000000b6700000, 0x00000000b6700000| Untracked 
| 360|0x00000000b6800000, 0x00000000b6800000, 0x00000000b6900000|  0%| F|  |TAMS 0x00000000b6800000, 0x00000000b6800000| Untracked 
| 361|0x00000000b6900000, 0x00000000b6900000, 0x00000000b6a00000|  0%| F|  |TAMS 0x00000000b6900000, 0x00000000b6900000| Untracked 
| 362|0x00000000b6a00000, 0x00000000b6a00000, 0x00000000b6b00000|  0%| F|  |TAMS 0x00000000b6a00000, 0x00000000b6a00000| Untracked 
| 363|0x00000000b6b00000, 0x00000000b6b00000, 0x00000000b6c00000|  0%| F|  |TAMS 0x00000000b6b00000, 0x00000000b6b00000| Untracked 
| 364|0x00000000b6c00000, 0x00000000b6c00000, 0x00000000b6d00000|  0%| F|  |TAMS 0x00000000b6c00000, 0x00000000b6c00000| Untracked 
| 365|0x00000000b6d00000, 0x00000000b6d00000, 0x00000000b6e00000|  0%| F|  |TAMS 0x00000000b6d00000, 0x00000000b6d00000| Untracked 
| 366|0x00000000b6e00000, 0x00000000b6e00000, 0x00000000b6f00000|  0%| F|  |TAMS 0x00000000b6e00000, 0x00000000b6e00000| Untracked 

Card table byte_map: [0x000002496f5b0000,0x000002496f8b0000] _byte_map_base: 0x000002496f0b0000

Marking Bits (Prev, Next): (CMBitMap*) 0x000002495c7e4d88, (CMBitMap*) 0x000002495c7e4dc0
 Prev Bits: [0x000002496fbb0000, 0x00000249713b0000)
 Next Bits: [0x00000249713b0000, 0x0000024972bb0000)

Polling page: 0x000002495a520000

Metaspace:

Usage:
  Non-class:    131.00 MB capacity,   128.33 MB ( 98%) used,     2.18 MB (  2%) free+waste,   494.06 KB ( <1%) overhead. 
      Class:     19.24 MB capacity,    17.72 MB ( 92%) used,     1.31 MB (  7%) free+waste,   211.63 KB (  1%) overhead. 
       Both:    150.24 MB capacity,   146.05 MB ( 97%) used,     3.50 MB (  2%) free+waste,   705.69 KB ( <1%) overhead. 

Virtual space:
  Non-class space:      132.00 MB reserved,     131.42 MB (>99%) committed 
      Class space:        1.00 GB reserved,      19.45 MB (  2%) committed 
             Both:        1.13 GB reserved,     150.87 MB ( 13%) committed 

Chunk freelists:
   Non-Class:  240.00 KB
       Class:  170.00 KB
        Both:  410.00 KB

MaxMetaspaceSize: 17179869184.00 GB
CompressedClassSpaceSize: 1.00 GB

CodeHeap 'non-profiled nmethods': size=120064Kb used=19330Kb max_used=19781Kb free=100733Kb
 bounds [0x0000024967d70000, 0x00000249690d0000, 0x000002496f2b0000]
CodeHeap 'profiled nmethods': size=120000Kb used=60688Kb max_used=60688Kb free=59311Kb
 bounds [0x0000024960840000, 0x00000249643c0000, 0x0000024967d70000]
CodeHeap 'non-nmethods': size=5696Kb used=2397Kb max_used=2454Kb free=3299Kb
 bounds [0x00000249602b0000, 0x0000024960530000, 0x0000024960840000]
 total_blobs=26641 nmethods=25607 adapters=942
 compilation: enabled
              stopped_count=0, restarted_count=0
 full_count=0

Compilation events (20 events):
Event: 562.719 Thread 0x00000249750b8800 30543       2       com.android.tools.r8.internal.t0::b (10 bytes)
Event: 562.719 Thread 0x00000249750b8800 nmethod 30543 0x00000249643b6b10 code [0x00000249643b6cc0, 0x00000249643b6de8]
Event: 562.719 Thread 0x00000249750b8800 30544       2       com.android.tools.r8.internal.gT0::<init> (6 bytes)
Event: 562.720 Thread 0x00000249750b8800 nmethod 30544 0x00000249643b6e90 code [0x00000249643b7040, 0x00000249643b7198]
Event: 562.758 Thread 0x00000249750b8800 30546       3       com.android.tools.r8.internal.BU0::F0 (51 bytes)
Event: 562.758 Thread 0x00000249750b0000 nmethod 30290% 0x0000024968ae2b90 code [0x0000024968ae3e60, 0x0000024968aee2f0]
Event: 562.758 Thread 0x00000249750b8800 nmethod 30546 0x00000249643b7210 code [0x00000249643b7420, 0x00000249643b7aa8]
Event: 562.759 Thread 0x00000249750b0000 30349       4       com.android.tools.r8.internal.x::putAll (124 bytes)
Event: 562.766 Thread 0x00000249750b8800 30547       2       com.android.tools.r8.internal.bX0::c (48 bytes)
Event: 562.766 Thread 0x00000249750b8800 nmethod 30547 0x00000249643b7c90 code [0x00000249643b7e40, 0x00000249643b7f98]
Event: 562.777 Thread 0x00000249750b0000 nmethod 30349 0x00000249688eca90 code [0x00000249688ecd00, 0x00000249688ed9d0]
Event: 562.777 Thread 0x00000249750b0000 30382       4       com.android.tools.r8.internal.hI0::j (631 bytes)
Event: 562.793 Thread 0x00000249750b8800 30550 %     3       com.android.tools.r8.internal.TR0::c @ 123 (163 bytes)
Event: 562.794 Thread 0x00000249750b8800 nmethod 30550% 0x00000249643b8090 code [0x00000249643b8360, 0x00000249643b9608]
Event: 562.849 Thread 0x00000249750b8800 30553       3       com.android.tools.r8.internal.TR0::c (163 bytes)
Event: 562.850 Thread 0x00000249750b8800 nmethod 30553 0x00000249643b9b90 code [0x00000249643b9e60, 0x00000249643bb068]
Event: 562.862 Thread 0x00000249750b8800 30554       1       com.android.tools.r8.graph.k1::u0 (2 bytes)
Event: 562.862 Thread 0x00000249750b8800 nmethod 30554 0x00000249688ec790 code [0x00000249688ec940, 0x00000249688ec9f8]
Event: 562.870 Thread 0x00000249750b8800 30555       3       com.android.tools.r8.internal.eB0::Q (80 bytes)
Event: 562.870 Thread 0x00000249750b8800 nmethod 30555 0x00000249643bb590 code [0x00000249643bb7e0, 0x00000249643bc0f8]

GC Heap History (20 events):
Event: 559.163 GC heap after
{Heap after GC invocations=164 (full 0):
 garbage-first heap   total 325632K, used 193538K [0x00000000a0000000, 0x0000000100000000)
  region size 1024K, 11 young (11264K), 11 survivors (11264K)
 Metaspace       used 149065K, capacity 153514K, committed 153724K, reserved 1183744K
  class space    used 18207K, capacity 19817K, committed 19916K, reserved 1048576K
}
Event: 559.715 GC heap before
{Heap before GC invocations=165 (full 0):
 garbage-first heap   total 325632K, used 273410K [0x00000000a0000000, 0x0000000100000000)
  region size 1024K, 90 young (92160K), 11 survivors (11264K)
 Metaspace       used 149168K, capacity 153470K, committed 154236K, reserved 1183744K
  class space    used 18135K, capacity 19664K, committed 19916K, reserved 1048576K
}
Event: 559.728 GC heap after
{Heap after GC invocations=166 (full 0):
 garbage-first heap   total 375808K, used 190735K [0x00000000a0000000, 0x0000000100000000)
  region size 1024K, 3 young (3072K), 3 survivors (3072K)
 Metaspace       used 149168K, capacity 153470K, committed 154236K, reserved 1183744K
  class space    used 18135K, capacity 19664K, committed 19916K, reserved 1048576K
}
Event: 559.750 GC heap before
{Heap before GC invocations=166 (full 0):
 garbage-first heap   total 375808K, used 206095K [0x00000000a0000000, 0x0000000100000000)
  region size 1024K, 18 young (18432K), 3 survivors (3072K)
 Metaspace       used 149175K, capacity 153472K, committed 154236K, reserved 1183744K
  class space    used 18135K, capacity 19664K, committed 19916K, reserved 1048576K
}
Event: 559.763 GC heap after
{Heap after GC invocations=167 (full 0):
 garbage-first heap   total 375808K, used 185683K [0x00000000a0000000, 0x0000000100000000)
  region size 1024K, 3 young (3072K), 3 survivors (3072K)
 Metaspace       used 149175K, capacity 153472K, committed 154236K, reserved 1183744K
  class space    used 18135K, capacity 19664K, committed 19916K, reserved 1048576K
}
Event: 560.014 GC heap before
{Heap before GC invocations=167 (full 0):
 garbage-first heap   total 375808K, used 305491K [0x00000000a0000000, 0x0000000100000000)
  region size 1024K, 120 young (122880K), 3 survivors (3072K)
 Metaspace       used 149245K, capacity 153544K, committed 154236K, reserved 1183744K
  class space    used 18135K, capacity 19664K, committed 19916K, reserved 1048576K
}
Event: 560.025 GC heap after
{Heap after GC invocations=168 (full 0):
 garbage-first heap   total 375808K, used 195348K [0x00000000a0000000, 0x0000000100000000)
  region size 1024K, 13 young (13312K), 13 survivors (13312K)
 Metaspace       used 149245K, capacity 153544K, committed 154236K, reserved 1183744K
  class space    used 18135K, capacity 19664K, committed 19916K, reserved 1048576K
}
Event: 560.258 GC heap before
{Heap before GC invocations=168 (full 0):
 garbage-first heap   total 375808K, used 309012K [0x00000000a0000000, 0x0000000100000000)
  region size 1024K, 124 young (126976K), 13 survivors (13312K)
 Metaspace       used 149313K, capacity 153618K, committed 154236K, reserved 1183744K
  class space    used 18140K, capacity 19665K, committed 19916K, reserved 1048576K
}
Event: 560.313 GC heap after
{Heap after GC invocations=169 (full 0):
 garbage-first heap   total 375808K, used 194073K [0x00000000a0000000, 0x0000000100000000)
  region size 1024K, 3 young (3072K), 3 survivors (3072K)
 Metaspace       used 149313K, capacity 153618K, committed 154236K, reserved 1183744K
  class space    used 18140K, capacity 19665K, committed 19916K, reserved 1048576K
}
Event: 560.804 GC heap before
{Heap before GC invocations=169 (full 0):
 garbage-first heap   total 375808K, used 311833K [0x00000000a0000000, 0x0000000100000000)
  region size 1024K, 118 young (120832K), 3 survivors (3072K)
 Metaspace       used 149360K, capacity 153634K, committed 154236K, reserved 1183744K
  class space    used 18141K, capacity 19667K, committed 19916K, reserved 1048576K
}
Event: 560.815 GC heap after
{Heap after GC invocations=170 (full 0):
 garbage-first heap   total 375808K, used 197679K [0x00000000a0000000, 0x0000000100000000)
  region size 1024K, 6 young (6144K), 6 survivors (6144K)
 Metaspace       used 149360K, capacity 153634K, committed 154236K, reserved 1183744K
  class space    used 18141K, capacity 19667K, committed 19916K, reserved 1048576K
}
Event: 561.224 GC heap before
{Heap before GC invocations=170 (full 0):
 garbage-first heap   total 375808K, used 315439K [0x00000000a0000000, 0x0000000100000000)
  region size 1024K, 121 young (123904K), 6 survivors (6144K)
 Metaspace       used 149390K, capacity 153649K, committed 154236K, reserved 1183744K
  class space    used 18142K, capacity 19669K, committed 19916K, reserved 1048576K
}
Event: 561.235 GC heap after
{Heap after GC invocations=171 (full 0):
 garbage-first heap   total 375808K, used 202799K [0x00000000a0000000, 0x0000000100000000)
  region size 1024K, 11 young (11264K), 11 survivors (11264K)
 Metaspace       used 149390K, capacity 153649K, committed 154236K, reserved 1183744K
  class space    used 18142K, capacity 19669K, committed 19916K, reserved 1048576K
}
Event: 561.767 GC heap before
{Heap before GC invocations=171 (full 0):
 garbage-first heap   total 375808K, used 320559K [0x00000000a0000000, 0x0000000100000000)
  region size 1024K, 121 young (123904K), 11 survivors (11264K)
 Metaspace       used 149518K, capacity 153842K, committed 154492K, reserved 1183744K
  class space    used 18146K, capacity 19702K, committed 19916K, reserved 1048576K
}
Event: 561.780 GC heap after
{Heap after GC invocations=172 (full 0):
 garbage-first heap   total 375808K, used 208659K [0x00000000a0000000, 0x0000000100000000)
  region size 1024K, 15 young (15360K), 15 survivors (15360K)
 Metaspace       used 149518K, capacity 153842K, committed 154492K, reserved 1183744K
  class space    used 18146K, capacity 19702K, committed 19916K, reserved 1048576K
}
Event: 562.104 GC heap before
{Heap before GC invocations=172 (full 0):
 garbage-first heap   total 375808K, used 312083K [0x00000000a0000000, 0x0000000100000000)
  region size 1024K, 117 young (119808K), 15 survivors (15360K)
 Metaspace       used 149538K, capacity 153846K, committed 154492K, reserved 1183744K
  class space    used 18146K, capacity 19702K, committed 19916K, reserved 1048576K
}
Event: 562.119 GC heap after
{Heap after GC invocations=173 (full 0):
 garbage-first heap   total 375808K, used 210559K [0x00000000a0000000, 0x0000000100000000)
  region size 1024K, 11 young (11264K), 11 survivors (11264K)
 Metaspace       used 149538K, capacity 153846K, committed 154492K, reserved 1183744K
  class space    used 18146K, capacity 19702K, committed 19916K, reserved 1048576K
}
Event: 562.476 GC heap before
{Heap before GC invocations=173 (full 0):
 garbage-first heap   total 375808K, used 311935K [0x00000000a0000000, 0x0000000100000000)
  region size 1024K, 110 young (112640K), 11 survivors (11264K)
 Metaspace       used 149545K, capacity 153846K, committed 154492K, reserved 1183744K
  class space    used 18146K, capacity 19702K, committed 19916K, reserved 1048576K
}
Event: 562.493 GC heap after
{Heap after GC invocations=174 (full 0):
 garbage-first heap   total 375808K, used 213829K [0x00000000a0000000, 0x0000000100000000)
  region size 1024K, 4 young (4096K), 4 survivors (4096K)
 Metaspace       used 149545K, capacity 153846K, committed 154492K, reserved 1183744K
  class space    used 18146K, capacity 19702K, committed 19916K, reserved 1048576K
}
Event: 562.876 GC heap before
{Heap before GC invocations=174 (full 0):
 garbage-first heap   total 375808K, used 315205K [0x00000000a0000000, 0x0000000100000000)
  region size 1024K, 103 young (105472K), 4 survivors (4096K)
 Metaspace       used 149559K, capacity 153846K, committed 154492K, reserved 1183744K
  class space    used 18146K, capacity 19702K, committed 19916K, reserved 1048576K
}

Deoptimization events (20 events):
Event: 561.442 Thread 0x000002497ea24000 DEOPT PACKING pc=0x00000249610eef88 sp=0x0000004ca12faaf0
Event: 561.442 Thread 0x000002497ea24000 DEOPT UNPACKING pc=0x00000249602d6dde sp=0x0000004ca12fa078 mode 0
Event: 561.463 Thread 0x000002497ea24800 Uncommon trap: trap_request=0xffffff76 fr.pc=0x00000249688aa1b8 relative=0x00000000000013f8
Event: 561.463 Thread 0x000002497ea24800 Uncommon trap: reason=loop_limit_check action=maybe_recompile pc=0x00000249688aa1b8 method=com.android.tools.r8.internal.x.putAll(Ljava/util/Map;)V @ 31 c2
Event: 561.463 Thread 0x000002497ea24800 DEOPT PACKING pc=0x00000249688aa1b8 sp=0x0000004ca15f9db0
Event: 561.463 Thread 0x000002497ea24800 DEOPT UNPACKING pc=0x00000249602d662f sp=0x0000004ca15f9dc8 mode 2
Event: 561.482 Thread 0x0000024976a1d800 DEOPT PACKING pc=0x00000249610eef88 sp=0x0000004c9f2fab30
Event: 561.482 Thread 0x0000024976a1d800 DEOPT UNPACKING pc=0x00000249602d6dde sp=0x0000004c9f2fa0b8 mode 0
Event: 561.534 Thread 0x000002497ea24000 DEOPT PACKING pc=0x0000024961f8c65b sp=0x0000004ca12f8330
Event: 561.534 Thread 0x000002497ea24000 DEOPT UNPACKING pc=0x00000249602d6dde sp=0x0000004ca12f7898 mode 0
Event: 561.538 Thread 0x000002497ea24800 Uncommon trap: trap_request=0xffffff4d fr.pc=0x0000024968871ee8 relative=0x0000000000000808
Event: 561.538 Thread 0x000002497ea24800 Uncommon trap: reason=unstable_if action=reinterpret pc=0x0000024968871ee8 method=java.util.zip.ZipFile$CleanableResource.releaseInflater(Ljava/util/zip/Inflater;)V @ 6 c2
Event: 561.538 Thread 0x000002497ea24800 DEOPT PACKING pc=0x0000024968871ee8 sp=0x0000004ca15fb7f0
Event: 561.538 Thread 0x000002497ea24800 DEOPT UNPACKING pc=0x00000249602d662f sp=0x0000004ca15fb768 mode 2
Event: 562.260 Thread 0x000002497ea24800 DEOPT PACKING pc=0x0000024963b781fb sp=0x0000004ca15f9ad0
Event: 562.260 Thread 0x000002497ea24800 DEOPT UNPACKING pc=0x00000249602d6dde sp=0x0000004ca15f90e8 mode 0
Event: 562.661 Thread 0x000002497ea24800 DEOPT PACKING pc=0x0000024963d5ab6a sp=0x0000004ca15f9dd0
Event: 562.661 Thread 0x000002497ea24800 DEOPT UNPACKING pc=0x00000249602d6dde sp=0x0000004ca15f9338 mode 0
Event: 562.774 Thread 0x000002497ea24800 DEOPT PACKING pc=0x0000024963c9d257 sp=0x0000004ca15f9830
Event: 562.774 Thread 0x000002497ea24800 DEOPT UNPACKING pc=0x00000249602d6dde sp=0x0000004ca15f8ff0 mode 0

Classes redefined (0 events):
No events

Internal exceptions (20 events):
Event: 560.222 Thread 0x0000024976a1d800 Exception <a 'sun/nio/fs/WindowsException'{0x00000000b0682ad8}> (0x00000000b0682ad8) thrown at [./src/hotspot/share/prims/jni.cpp, line 615]
Event: 560.224 Thread 0x000002497ea24800 Exception <a 'sun/nio/fs/WindowsException'{0x00000000b0aae088}> (0x00000000b0aae088) thrown at [./src/hotspot/share/prims/jni.cpp, line 615]
Event: 560.490 Thread 0x0000024976a21000 Implicit null exception at 0x0000024968601a1a to 0x0000024968601c96
Event: 560.495 Thread 0x0000024976a21000 Exception <a 'sun/nio/fs/WindowsException'{0x00000000b53716f0}> (0x00000000b53716f0) thrown at [./src/hotspot/share/prims/jni.cpp, line 615]
Event: 560.581 Thread 0x0000024976a1d800 Exception <a 'sun/nio/fs/WindowsException'{0x00000000b44b11f0}> (0x00000000b44b11f0) thrown at [./src/hotspot/share/prims/jni.cpp, line 615]
Event: 560.774 Thread 0x000002497ea24000 Exception <a 'java/lang/NoSuchMethodError'{0x00000000b074f220}: 'int java.lang.invoke.DirectMethodHandle$Holder.invokeInterface(java.lang.Object, java.lang.Object, int)'> (0x00000000b074f220) thrown at [./src/hotspot/share/interpreter/linkResolver.cpp, line 773]
Event: 560.846 Thread 0x0000024976a1d800 Exception <a 'sun/nio/fs/WindowsException'{0x00000000b66f2d30}> (0x00000000b66f2d30) thrown at [./src/hotspot/share/prims/jni.cpp, line 615]
Event: 560.883 Thread 0x0000024976a21000 Exception <a 'sun/nio/fs/WindowsException'{0x00000000b5b58968}> (0x00000000b5b58968) thrown at [./src/hotspot/share/prims/jni.cpp, line 615]
Event: 561.110 Thread 0x000002497ea24800 Exception <a 'sun/nio/fs/WindowsException'{0x00000000b1e25790}> (0x00000000b1e25790) thrown at [./src/hotspot/share/prims/jni.cpp, line 615]
Event: 561.218 Thread 0x0000024976a21000 Exception <a 'sun/nio/fs/WindowsException'{0x00000000aff8d080}> (0x00000000aff8d080) thrown at [./src/hotspot/share/prims/jni.cpp, line 615]
Event: 561.304 Thread 0x000002497ea24800 Exception <a 'sun/nio/fs/WindowsException'{0x00000000b6049a40}> (0x00000000b6049a40) thrown at [./src/hotspot/share/prims/jni.cpp, line 615]
Event: 561.320 Thread 0x000002497ea24000 Exception <a 'sun/nio/fs/WindowsException'{0x00000000b5e89ae0}> (0x00000000b5e89ae0) thrown at [./src/hotspot/share/prims/jni.cpp, line 615]
Event: 561.441 Thread 0x000002497ea24800 Exception <a 'sun/nio/fs/WindowsException'{0x00000000b58de7d8}> (0x00000000b58de7d8) thrown at [./src/hotspot/share/prims/jni.cpp, line 615]
Event: 561.458 Thread 0x000002497ea24000 Exception <a 'sun/nio/fs/WindowsException'{0x00000000b4fb3438}> (0x00000000b4fb3438) thrown at [./src/hotspot/share/prims/jni.cpp, line 615]
Event: 561.495 Thread 0x0000024976a1d800 Exception <a 'sun/nio/fs/WindowsException'{0x00000000b44fc430}> (0x00000000b44fc430) thrown at [./src/hotspot/share/prims/jni.cpp, line 615]
Event: 561.518 Thread 0x000002497ea24800 Exception <a 'sun/nio/fs/WindowsException'{0x00000000b3b590d0}> (0x00000000b3b590d0) thrown at [./src/hotspot/share/prims/jni.cpp, line 615]
Event: 561.538 Thread 0x000002497ea24800 Implicit null exception at 0x000002496887171b to 0x0000024968871ed0
Event: 561.619 Thread 0x000002497ea24000 Exception <a 'sun/nio/fs/WindowsException'{0x00000000b20e9d30}> (0x00000000b20e9d30) thrown at [./src/hotspot/share/prims/jni.cpp, line 615]
Event: 561.725 Thread 0x000002497ea24800 Exception <a 'sun/nio/fs/WindowsException'{0x00000000b0f0b820}> (0x00000000b0f0b820) thrown at [./src/hotspot/share/prims/jni.cpp, line 615]
Event: 561.820 Thread 0x0000024976a1d800 Exception <a 'sun/nio/fs/WindowsException'{0x00000000b59b0378}> (0x00000000b59b0378) thrown at [./src/hotspot/share/prims/jni.cpp, line 615]

Events (20 events):
Event: 561.575 loading class com/android/tools/r8/internal/BU0 done
Event: 561.587 loading class com/android/tools/r8/internal/BU0
Event: 561.587 loading class com/android/tools/r8/internal/BU0 done
Event: 561.593 loading class com/android/tools/r8/internal/LV0
Event: 561.593 loading class com/android/tools/r8/internal/LV0 done
Event: 561.598 loading class com/android/tools/r8/internal/SV0
Event: 561.598 loading class com/android/tools/r8/internal/SV0 done
Event: 561.767 Executing VM operation: G1CollectForAllocation
Event: 561.780 Executing VM operation: G1CollectForAllocation done
Event: 561.822 Executing VM operation: RevokeBias
Event: 561.822 Executing VM operation: RevokeBias done
Event: 561.822 Executing VM operation: RevokeBias
Event: 561.823 Executing VM operation: RevokeBias done
Event: 561.823 Executing VM operation: RevokeBias
Event: 561.823 Executing VM operation: RevokeBias done
Event: 562.104 Executing VM operation: G1CollectForAllocation
Event: 562.119 Executing VM operation: G1CollectForAllocation done
Event: 562.476 Executing VM operation: G1CollectForAllocation
Event: 562.493 Executing VM operation: G1CollectForAllocation done
Event: 562.876 Executing VM operation: G1CollectForAllocation


Dynamic libraries:
0x00007ff608fd0000 - 0x00007ff608fda000 	C:\Program Files\Android\Android Studio\jre\bin\java.exe
0x00007ffe05d50000 - 0x00007ffe05f45000 	C:\Windows\SYSTEM32\ntdll.dll
0x00007ffe04450000 - 0x00007ffe0450e000 	C:\Windows\System32\KERNEL32.DLL
0x00007ffe035b0000 - 0x00007ffe03878000 	C:\Windows\System32\KERNELBASE.dll
0x00007ffe03970000 - 0x00007ffe03a70000 	C:\Windows\System32\ucrtbase.dll
0x00007ffdeb470000 - 0x00007ffdeb489000 	C:\Program Files\Android\Android Studio\jre\bin\jli.dll
0x00007ffdeb4e0000 - 0x00007ffdeb4f7000 	C:\Program Files\Android\Android Studio\jre\bin\VCRUNTIME140.dll
0x00007ffe042b0000 - 0x00007ffe04450000 	C:\Windows\System32\USER32.dll
0x00007ffe03b80000 - 0x00007ffe03ba2000 	C:\Windows\System32\win32u.dll
0x00007ffdf6cd0000 - 0x00007ffdf6f6a000 	C:\Windows\WinSxS\amd64_microsoft.windows.common-controls_6595b64144ccf1df_6.0.19041.1110_none_60b5254171f9507e\COMCTL32.dll
0x00007ffe04a60000 - 0x00007ffe04a8b000 	C:\Windows\System32\GDI32.dll
0x00007ffe05c40000 - 0x00007ffe05cde000 	C:\Windows\System32\msvcrt.dll
0x00007ffe03a70000 - 0x00007ffe03b7b000 	C:\Windows\System32\gdi32full.dll
0x00007ffe03bb0000 - 0x00007ffe03c4d000 	C:\Windows\System32\msvcp_win.dll
0x00007ffe05ce0000 - 0x00007ffe05d10000 	C:\Windows\System32\IMM32.DLL
0x00007ffdd6620000 - 0x00007ffdd66bd000 	C:\Program Files\Android\Android Studio\jre\bin\msvcp140.dll
0x00007ffd787b0000 - 0x00007ffd79285000 	C:\Program Files\Android\Android Studio\jre\bin\server\jvm.dll
0x00007ffe03f40000 - 0x00007ffe03fee000 	C:\Windows\System32\ADVAPI32.dll
0x00007ffe04ec0000 - 0x00007ffe04f5c000 	C:\Windows\System32\sechost.dll
0x00007ffe03e10000 - 0x00007ffe03f35000 	C:\Windows\System32\RPCRT4.dll
0x00007ffdfcef0000 - 0x00007ffdfcefa000 	C:\Windows\SYSTEM32\VERSION.dll
0x00007ffdef560000 - 0x00007ffdef587000 	C:\Windows\SYSTEM32\WINMM.dll
0x00007ffdf55a0000 - 0x00007ffdf55a9000 	C:\Windows\SYSTEM32\WSOCK32.dll
0x00007ffe04bf0000 - 0x00007ffe04c5b000 	C:\Windows\System32\WS2_32.dll
0x00007ffe04be0000 - 0x00007ffe04be8000 	C:\Windows\System32\PSAPI.DLL
0x00007ffe01d60000 - 0x00007ffe01d72000 	C:\Windows\SYSTEM32\kernel.appcore.dll
0x00007ffdecd40000 - 0x00007ffdecd51000 	C:\Program Files\Android\Android Studio\jre\bin\verify.dll
0x00007ffe01200000 - 0x00007ffe013e4000 	C:\Windows\SYSTEM32\DBGHELP.DLL
0x00007ffdfcf80000 - 0x00007ffdfcfac000 	C:\Windows\SYSTEM32\dbgcore.DLL
0x00007ffe03470000 - 0x00007ffe034f2000 	C:\Windows\System32\bcryptPrimitives.dll
0x00007ffdec500000 - 0x00007ffdec529000 	C:\Program Files\Android\Android Studio\jre\bin\java.dll
0x00007ffdfe130000 - 0x00007ffdfe13b000 	C:\Program Files\Android\Android Studio\jre\bin\jimage.dll
0x00007ffdecad0000 - 0x00007ffdecae8000 	C:\Program Files\Android\Android Studio\jre\bin\zip.dll
0x00007ffe053d0000 - 0x00007ffe05b14000 	C:\Windows\System32\SHELL32.dll
0x00007ffe01580000 - 0x00007ffe01d14000 	C:\Windows\SYSTEM32\windows.storage.dll
0x00007ffe05010000 - 0x00007ffe05364000 	C:\Windows\System32\combase.dll
0x00007ffe02ed0000 - 0x00007ffe02efc000 	C:\Windows\SYSTEM32\Wldp.dll
0x00007ffe04f60000 - 0x00007ffe0500d000 	C:\Windows\System32\SHCORE.dll
0x00007ffe05370000 - 0x00007ffe053c5000 	C:\Windows\System32\shlwapi.dll
0x00007ffe033b0000 - 0x00007ffe033cf000 	C:\Windows\SYSTEM32\profapi.dll
0x00007ffdec950000 - 0x00007ffdec96a000 	C:\Program Files\Android\Android Studio\jre\bin\net.dll
0x00007ffdfaec0000 - 0x00007ffdfafc9000 	C:\Windows\SYSTEM32\WINHTTP.dll
0x00007ffe02c30000 - 0x00007ffe02c9a000 	C:\Windows\system32\mswsock.dll
0x00007ffdec570000 - 0x00007ffdec584000 	C:\Program Files\Android\Android Studio\jre\bin\nio.dll
0x00007ffdea5e0000 - 0x00007ffdea607000 	C:\Users\feuss\.gradle\native\e1d6ef7f7dcc3fd88c89a11ec53ec762bb8ba0a96d01ffa2cd45eb1d1d8dd5c5\windows-amd64\native-platform.dll
0x00007ffdc9000000 - 0x00007ffdc9144000 	C:\Users\feuss\.gradle\native\5664cfc778a61ccfe75a443a1ab52a65af34e5dc3c78e0209fed803814484fcb\windows-amd64\native-platform-file-events.dll
0x00007ffdfc3a0000 - 0x00007ffdfc3aa000 	C:\Program Files\Android\Android Studio\jre\bin\management.dll
0x00007ffdf91c0000 - 0x00007ffdf91cd000 	C:\Program Files\Android\Android Studio\jre\bin\management_ext.dll
0x00007ffe02e20000 - 0x00007ffe02e38000 	C:\Windows\SYSTEM32\CRYPTSP.dll
0x00007ffe02540000 - 0x00007ffe02574000 	C:\Windows\system32\rsaenh.dll
0x00007ffe038f0000 - 0x00007ffe03917000 	C:\Windows\System32\bcrypt.dll
0x00007ffe03370000 - 0x00007ffe0339e000 	C:\Windows\SYSTEM32\USERENV.dll
0x00007ffe02e40000 - 0x00007ffe02e4c000 	C:\Windows\SYSTEM32\CRYPTBASE.dll
0x00007ffe028d0000 - 0x00007ffe0290b000 	C:\Windows\SYSTEM32\IPHLPAPI.DLL
0x00007ffe04a50000 - 0x00007ffe04a58000 	C:\Windows\System32\NSI.dll
0x00007ffdfced0000 - 0x00007ffdfcee7000 	C:\Windows\SYSTEM32\dhcpcsvc6.DLL
0x00007ffdfd280000 - 0x00007ffdfd29d000 	C:\Windows\SYSTEM32\dhcpcsvc.DLL
0x00007ffe02920000 - 0x00007ffe029ea000 	C:\Windows\SYSTEM32\DNSAPI.dll
0x00007ffdec080000 - 0x00007ffdec0a7000 	C:\Program Files\Android\Android Studio\jre\bin\sunec.dll
0x00007ffdfad60000 - 0x00007ffdfad6a000 	C:\Windows\System32\rasadhlp.dll
0x00007ffdfad80000 - 0x00007ffdfadff000 	C:\Windows\System32\fwpuclnt.dll
0x00007ffe02170000 - 0x00007ffe021a3000 	C:\Windows\SYSTEM32\ntmarta.dll

dbghelp: loaded successfully - version: 4.0.5 - missing functions: none
symbol engine: initialized successfully - sym options: 0x614 - pdb path: .;C:\Program Files\Android\Android Studio\jre\bin;C:\Windows\SYSTEM32;C:\Windows\WinSxS\amd64_microsoft.windows.common-controls_6595b64144ccf1df_6.0.19041.1110_none_60b5254171f9507e;C:\Program Files\Android\Android Studio\jre\bin\server;C:\Users\feuss\.gradle\native\e1d6ef7f7dcc3fd88c89a11ec53ec762bb8ba0a96d01ffa2cd45eb1d1d8dd5c5\windows-amd64;C:\Users\feuss\.gradle\native\5664cfc778a61ccfe75a443a1ab52a65af34e5dc3c78e0209fed803814484fcb\windows-amd64

VM Arguments:
jvm_args: --add-opens=java.base/java.util=ALL-UNNAMED --add-opens=java.base/java.lang=ALL-UNNAMED --add-opens=java.base/java.lang.invoke=ALL-UNNAMED --add-opens=java.base/java.util=ALL-UNNAMED --add-opens=java.prefs/java.util.prefs=ALL-UNNAMED --add-opens=java.prefs/java.util.prefs=ALL-UNNAMED --add-opens=java.base/java.nio.charset=ALL-UNNAMED --add-opens=java.base/java.net=ALL-UNNAMED --add-opens=java.base/java.util.concurrent.atomic=ALL-UNNAMED -Xmx1536m -Dfile.encoding=windows-1252 -Duser.country=US -Duser.language=en -Duser.variant 
java_command: org.gradle.launcher.daemon.bootstrap.GradleDaemon 7.2
java_class_path (initial): C:\Users\feuss\.gradle\wrapper\dists\gradle-7.2-all\260hg96vuh6ex27h9vo47iv4d\gradle-7.2\lib\gradle-launcher-7.2.jar
Launcher Type: SUN_STANDARD

[Global flags]
     intx CICompilerCount                          = 3                                         {product} {ergonomic}
     uint ConcGCThreads                            = 1                                         {product} {ergonomic}
     uint G1ConcRefinementThreads                  = 4                                         {product} {ergonomic}
   size_t G1HeapRegionSize                         = 1048576                                   {product} {ergonomic}
    uintx GCDrainStackTargetSize                   = 64                                        {product} {ergonomic}
   size_t InitialHeapSize                          = 134217728                                 {product} {ergonomic}
   size_t MarkStackSize                            = 4194304                                   {product} {ergonomic}
   size_t MaxHeapSize                              = 1610612736                                {product} {command line}
   size_t MaxNewSize                               = 965738496                                 {product} {ergonomic}
   size_t MinHeapDeltaBytes                        = 1048576                                   {product} {ergonomic}
    uintx NonNMethodCodeHeapSize                   = 5830732                                {pd product} {ergonomic}
    uintx NonProfiledCodeHeapSize                  = 122913754                              {pd product} {ergonomic}
    uintx ProfiledCodeHeapSize                     = 122913754                              {pd product} {ergonomic}
    uintx ReservedCodeCacheSize                    = 251658240                              {pd product} {ergonomic}
     bool SegmentedCodeCache                       = true                                      {product} {ergonomic}
     bool UseCompressedClassPointers               = true                                 {lp64_product} {ergonomic}
     bool UseCompressedOops                        = true                                 {lp64_product} {ergonomic}
     bool UseG1GC                                  = true                                      {product} {ergonomic}
     bool UseLargePagesIndividualAllocation        = false                                  {pd product} {ergonomic}

Logging:
Log output configuration:
 #0: stdout all=warning uptime,level,tags
 #1: stderr all=off uptime,level,tags

Environment Variables:
PATH=C:\Windows\system32;C:\Windows;C:\Windows\System32\Wbem;C:\Windows\System32\WindowsPowerShell\v1.0\;C:\Windows\System32\OpenSSH\;C:\Program Files\dotnet\;C:\Program Files\Git\cmd;C:\sqlite\;C:\Ruby31-x64\bin;C:\Users\feuss\AppData\Local\Microsoft\WindowsApps;C:\Users\feuss\.dotnet\tools;C:\Users\feuss\AppData\Local\Programs\Python\Python310\Scripts
USERNAME=feuss
OS=Windows_NT
PROCESSOR_IDENTIFIER=Intel64 Family 6 Model 60 Stepping 3, GenuineIntel



---------------  S Y S T E M  ---------------

OS: Windows 10 , 64 bit Build 19041 (10.0.19041.1566)
OS uptime: 31 days 17:58 hours

CPU:total 4 (initial active 4) (4 cores per cpu, 1 threads per core) family 6 model 60 stepping 3 microcode 0x27, cmov, cx8, fxsr, mmx, sse, sse2, sse3, ssse3, sse4.1, sse4.2, popcnt, avx, avx2, aes, clmul, erms, lzcnt, tsc, tscinvbit, bmi1, bmi2, fma

Memory: 4k page, system-wide physical 8142M (257M free)
TotalPageFile size 32718M (AvailPageFile size 2M)
current process WorkingSet (physical memory assigned to process): 582M, peak: 617M
current process commit charge ("private bytes"): 952M, peak: 954M

vm_info: OpenJDK 64-Bit Server VM (11.0.11+9-b60-7590822) for windows-amd64 JRE (11.0.11+9-b60-7590822), built on Jul 29 2021 21:43:44 by "builder" with MS VC++ 14.0 (VS2015)

END.
